[2.661s] Invoking command in '/home/mo3az/RosProject/src/package': PYTHONPATH=/home/mo3az/RosProject/build/package/prefix_override:/usr/lib/python3/dist-packages/colcon_core/task/python/colcon_distutils_commands:/home/mo3az/RosProject/install/package/lib/python3.10/site-packages:${PYTHONPATH} /usr/bin/python3 -W ignore:setup.py install is deprecated -W ignore:easy_install command is deprecated setup.py egg_info --egg-base ../../build/package build --build-base /home/mo3az/RosProject/build/package/build install --record /home/mo3az/RosProject/build/package/install.log --single-version-externally-managed install_data
[3.297s] running egg_info
[3.298s] writing ../../build/package/package.egg-info/PKG-INFO
[3.298s] writing dependency_links to ../../build/package/package.egg-info/dependency_links.txt
[3.298s] writing entry points to ../../build/package/package.egg-info/entry_points.txt
[3.298s] writing requirements to ../../build/package/package.egg-info/requires.txt
[3.299s] writing top-level names to ../../build/package/package.egg-info/top_level.txt
[3.299s] reading manifest file '../../build/package/package.egg-info/SOURCES.txt'
[3.299s] writing manifest file '../../build/package/package.egg-info/SOURCES.txt'
[3.299s] running build
[3.299s] running build_py
[3.469s] copying package/Heart.py -> /home/mo3az/RosProject/build/package/build/lib/package
[3.469s] running install
[3.469s] running install_lib
[3.470s] copying /home/mo3az/RosProject/build/package/build/lib/package/Heart.py -> /home/mo3az/RosProject/install/package/lib/python3.10/site-packages/package
[3.470s] byte-compiling /home/mo3az/RosProject/install/package/lib/python3.10/site-packages/package/Heart.py to Heart.cpython-310.pyc
[3.634s] running install_data
[3.635s] running install_egg_info
[3.635s] removing '/home/mo3az/RosProject/install/package/lib/python3.10/site-packages/package-0.0.0-py3.10.egg-info' (and everything under it)
[3.635s] Copying ../../build/package/package.egg-info to /home/mo3az/RosProject/install/package/lib/python3.10/site-packages/package-0.0.0-py3.10.egg-info
[3.636s] running install_scripts
[3.636s] Installing heart script to /home/mo3az/RosProject/install/package/lib/package
[3.636s] Installing integral script to /home/mo3az/RosProject/install/package/lib/package
[3.636s] Installing spiral script to /home/mo3az/RosProject/install/package/lib/package
[3.636s] writing list of installed files to '/home/mo3az/RosProject/build/package/install.log'
[3.642s] Invoked command in '/home/mo3az/RosProject/src/package' returned '0': PYTHONPATH=/home/mo3az/RosProject/build/package/prefix_override:/usr/lib/python3/dist-packages/colcon_core/task/python/colcon_distutils_commands:/home/mo3az/RosProject/install/package/lib/python3.10/site-packages:${PYTHONPATH} /usr/bin/python3 -W ignore:setup.py install is deprecated -W ignore:easy_install command is deprecated setup.py egg_info --egg-base ../../build/package build --build-base /home/mo3az/RosProject/build/package/build install --record /home/mo3az/RosProject/build/package/install.log --single-version-externally-managed install_data
