[4.633s] Invoking command in '/home/mo3az/RosProject/src/package': PYTHONPATH=/home/mo3az/RosProject/build/package/prefix_override:/usr/lib/python3/dist-packages/colcon_core/task/python/colcon_distutils_commands:/home/mo3az/RosProject/install/package/lib/python3.10/site-packages:${PYTHONPATH} /usr/bin/python3 -W ignore:setup.py install is deprecated -W ignore:easy_install command is deprecated setup.py egg_info --egg-base ../../build/package build --build-base /home/mo3az/RosProject/build/package/build install --record /home/mo3az/RosProject/build/package/install.log --single-version-externally-managed install_data
[5.026s] running egg_info
[5.028s] writing ../../build/package/package.egg-info/PKG-INFO
[5.037s] writing dependency_links to ../../build/package/package.egg-info/dependency_links.txt
[5.038s] writing entry points to ../../build/package/package.egg-info/entry_points.txt
[5.039s] writing requirements to ../../build/package/package.egg-info/requires.txt
[5.039s] writing top-level names to ../../build/package/package.egg-info/top_level.txt
[5.042s] reading manifest file '../../build/package/package.egg-info/SOURCES.txt'
[5.044s] writing manifest file '../../build/package/package.egg-info/SOURCES.txt'
[5.044s] running build
[5.044s] running build_py
[5.045s] copying package/Heart.py -> /home/mo3az/RosProject/build/package/build/lib/package
[5.046s] running install
[5.047s] running install_lib
[5.048s] copying /home/mo3az/RosProject/build/package/build/lib/package/Heart.py -> /home/mo3az/RosProject/install/package/lib/python3.10/site-packages/package
[5.050s] byte-compiling /home/mo3az/RosProject/install/package/lib/python3.10/site-packages/package/Heart.py to Heart.cpython-310.pyc
[5.052s] running install_data
[5.053s] running install_egg_info
[5.056s] removing '/home/mo3az/RosProject/install/package/lib/python3.10/site-packages/package-0.0.0-py3.10.egg-info' (and everything under it)
[5.057s] Copying ../../build/package/package.egg-info to /home/mo3az/RosProject/install/package/lib/python3.10/site-packages/package-0.0.0-py3.10.egg-info
[5.074s] running install_scripts
[5.112s] Installing heart script to /home/mo3az/RosProject/install/package/lib/package
[5.113s] Installing integral script to /home/mo3az/RosProject/install/package/lib/package
[5.113s] Installing spiral script to /home/mo3az/RosProject/install/package/lib/package
[5.115s] writing list of installed files to '/home/mo3az/RosProject/build/package/install.log'
[5.166s] Invoked command in '/home/mo3az/RosProject/src/package' returned '0': PYTHONPATH=/home/mo3az/RosProject/build/package/prefix_override:/usr/lib/python3/dist-packages/colcon_core/task/python/colcon_distutils_commands:/home/mo3az/RosProject/install/package/lib/python3.10/site-packages:${PYTHONPATH} /usr/bin/python3 -W ignore:setup.py install is deprecated -W ignore:easy_install command is deprecated setup.py egg_info --egg-base ../../build/package build --build-base /home/mo3az/RosProject/build/package/build install --record /home/mo3az/RosProject/build/package/install.log --single-version-externally-managed install_data
