[1.306s] Invoking command in '/home/mo3az/RosProject/src/package': PYTHONPATH=/home/mo3az/RosProject/build/package/prefix_override:/usr/lib/python3/dist-packages/colcon_core/task/python/colcon_distutils_commands:/home/mo3az/RosProject/install/package/lib/python3.10/site-packages:${PYTHONPATH} /usr/bin/python3 -W ignore:setup.py install is deprecated -W ignore:easy_install command is deprecated setup.py egg_info --egg-base ../../build/package build --build-base /home/mo3az/RosProject/build/package/build install --record /home/mo3az/RosProject/build/package/install.log --single-version-externally-managed install_data
[1.651s] running egg_info
[1.654s] writing ../../build/package/package.egg-info/PKG-INFO
[1.654s] writing dependency_links to ../../build/package/package.egg-info/dependency_links.txt
[1.654s] writing entry points to ../../build/package/package.egg-info/entry_points.txt
[1.655s] writing requirements to ../../build/package/package.egg-info/requires.txt
[1.655s] writing top-level names to ../../build/package/package.egg-info/top_level.txt
[1.659s] reading manifest file '../../build/package/package.egg-info/SOURCES.txt'
[1.661s] writing manifest file '../../build/package/package.egg-info/SOURCES.txt'
[1.661s] running build
[1.661s] running build_py
[1.662s] copying package/Heart.py -> /home/mo3az/RosProject/build/package/build/lib/package
[1.662s] running install
[1.663s] running install_lib
[1.665s] copying /home/mo3az/RosProject/build/package/build/lib/package/Heart.py -> /home/mo3az/RosProject/install/package/lib/python3.10/site-packages/package
[1.666s] byte-compiling /home/mo3az/RosProject/install/package/lib/python3.10/site-packages/package/Heart.py to Heart.cpython-310.pyc
[1.668s] running install_data
[1.668s] running install_egg_info
[1.672s] removing '/home/mo3az/RosProject/install/package/lib/python3.10/site-packages/package-0.0.0-py3.10.egg-info' (and everything under it)
[1.673s] Copying ../../build/package/package.egg-info to /home/mo3az/RosProject/install/package/lib/python3.10/site-packages/package-0.0.0-py3.10.egg-info
[1.675s] running install_scripts
[1.709s] Installing heart script to /home/mo3az/RosProject/install/package/lib/package
[1.709s] Installing integral script to /home/mo3az/RosProject/install/package/lib/package
[1.710s] Installing spiral script to /home/mo3az/RosProject/install/package/lib/package
[1.711s] writing list of installed files to '/home/mo3az/RosProject/build/package/install.log'
[1.754s] Invoked command in '/home/mo3az/RosProject/src/package' returned '0': PYTHONPATH=/home/mo3az/RosProject/build/package/prefix_override:/usr/lib/python3/dist-packages/colcon_core/task/python/colcon_distutils_commands:/home/mo3az/RosProject/install/package/lib/python3.10/site-packages:${PYTHONPATH} /usr/bin/python3 -W ignore:setup.py install is deprecated -W ignore:easy_install command is deprecated setup.py egg_info --egg-base ../../build/package build --build-base /home/mo3az/RosProject/build/package/build install --record /home/mo3az/RosProject/build/package/install.log --single-version-externally-managed install_data
