[4.265s] Invoking command in '/home/mo3az/RosProject/src/package': PYTHONPATH=/home/mo3az/RosProject/build/package/prefix_override:/usr/lib/python3/dist-packages/colcon_core/task/python/colcon_distutils_commands:/home/mo3az/RosProject/install/package/lib/python3.10/site-packages:${PYTHONPATH} /usr/bin/python3 -W ignore:setup.py install is deprecated -W ignore:easy_install command is deprecated setup.py egg_info --egg-base ../../build/package build --build-base /home/mo3az/RosProject/build/package/build install --record /home/mo3az/RosProject/build/package/install.log --single-version-externally-managed install_data
[4.659s] running egg_info
[4.659s] writing ../../build/package/package.egg-info/PKG-INFO
[4.659s] writing dependency_links to ../../build/package/package.egg-info/dependency_links.txt
[4.659s] writing entry points to ../../build/package/package.egg-info/entry_points.txt
[4.659s] writing requirements to ../../build/package/package.egg-info/requires.txt
[4.660s] writing top-level names to ../../build/package/package.egg-info/top_level.txt
[4.660s] reading manifest file '../../build/package/package.egg-info/SOURCES.txt'
[4.660s] writing manifest file '../../build/package/package.egg-info/SOURCES.txt'
[4.660s] running build
[4.660s] running build_py
[4.660s] copying package/HeartsFlower.py -> /home/mo3az/RosProject/build/package/build/lib/package
[4.665s] running install
[4.666s] running install_lib
[4.668s] copying /home/mo3az/RosProject/build/package/build/lib/package/HeartsFlower.py -> /home/mo3az/RosProject/install/package/lib/python3.10/site-packages/package
[4.669s] byte-compiling /home/mo3az/RosProject/install/package/lib/python3.10/site-packages/package/HeartsFlower.py to HeartsFlower.cpython-310.pyc
[4.670s] running install_data
[4.671s] running install_egg_info
[4.673s] removing '/home/mo3az/RosProject/install/package/lib/python3.10/site-packages/package-0.0.0-py3.10.egg-info' (and everything under it)
[4.675s] Copying ../../build/package/package.egg-info to /home/mo3az/RosProject/install/package/lib/python3.10/site-packages/package-0.0.0-py3.10.egg-info
[4.697s] running install_scripts
[4.729s] Installing flower script to /home/mo3az/RosProject/install/package/lib/package
[4.750s] Installing integral script to /home/mo3az/RosProject/install/package/lib/package
[4.750s] Installing spiral script to /home/mo3az/RosProject/install/package/lib/package
[4.751s] writing list of installed files to '/home/mo3az/RosProject/build/package/install.log'
[4.794s] Invoked command in '/home/mo3az/RosProject/src/package' returned '0': PYTHONPATH=/home/mo3az/RosProject/build/package/prefix_override:/usr/lib/python3/dist-packages/colcon_core/task/python/colcon_distutils_commands:/home/mo3az/RosProject/install/package/lib/python3.10/site-packages:${PYTHONPATH} /usr/bin/python3 -W ignore:setup.py install is deprecated -W ignore:easy_install command is deprecated setup.py egg_info --egg-base ../../build/package build --build-base /home/mo3az/RosProject/build/package/build install --record /home/mo3az/RosProject/build/package/install.log --single-version-externally-managed install_data
