[1.186s] Invoking command in '/home/mo3az/RosProject/src/package': PYTHONPATH=/home/mo3az/RosProject/build/package/prefix_override:/usr/lib/python3/dist-packages/colcon_core/task/python/colcon_distutils_commands:/home/mo3az/RosProject/install/package/lib/python3.10/site-packages:${PYTHONPATH} /usr/bin/python3 -W ignore:setup.py install is deprecated -W ignore:easy_install command is deprecated setup.py egg_info --egg-base ../../build/package build --build-base /home/mo3az/RosProject/build/package/build install --record /home/mo3az/RosProject/build/package/install.log --single-version-externally-managed install_data
[1.570s] running egg_info
[1.572s] writing ../../build/package/package.egg-info/PKG-INFO
[1.572s] writing dependency_links to ../../build/package/package.egg-info/dependency_links.txt
[1.573s] writing entry points to ../../build/package/package.egg-info/entry_points.txt
[1.573s] writing requirements to ../../build/package/package.egg-info/requires.txt
[1.574s] writing top-level names to ../../build/package/package.egg-info/top_level.txt
[1.577s] reading manifest file '../../build/package/package.egg-info/SOURCES.txt'
[1.578s] writing manifest file '../../build/package/package.egg-info/SOURCES.txt'
[1.579s] running build
[1.579s] running build_py
[1.580s] copying package/TurtleArt.py -> /home/mo3az/RosProject/build/package/build/lib/package
[1.580s] running install
[1.581s] running install_lib
[1.582s] copying /home/mo3az/RosProject/build/package/build/lib/package/TurtleArt.py -> /home/mo3az/RosProject/install/package/lib/python3.10/site-packages/package
[1.583s] byte-compiling /home/mo3az/RosProject/install/package/lib/python3.10/site-packages/package/TurtleArt.py to TurtleArt.cpython-310.pyc
[1.584s] running install_data
[1.585s] running install_egg_info
[1.588s] removing '/home/mo3az/RosProject/install/package/lib/python3.10/site-packages/package-0.0.0-py3.10.egg-info' (and everything under it)
[1.589s] Copying ../../build/package/package.egg-info to /home/mo3az/RosProject/install/package/lib/python3.10/site-packages/package-0.0.0-py3.10.egg-info
[1.606s] running install_scripts
[1.653s] Installing moveturtle script to /home/mo3az/RosProject/install/package/lib/package
[1.653s] writing list of installed files to '/home/mo3az/RosProject/build/package/install.log'
[1.694s] Invoked command in '/home/mo3az/RosProject/src/package' returned '0': PYTHONPATH=/home/mo3az/RosProject/build/package/prefix_override:/usr/lib/python3/dist-packages/colcon_core/task/python/colcon_distutils_commands:/home/mo3az/RosProject/install/package/lib/python3.10/site-packages:${PYTHONPATH} /usr/bin/python3 -W ignore:setup.py install is deprecated -W ignore:easy_install command is deprecated setup.py egg_info --egg-base ../../build/package build --build-base /home/mo3az/RosProject/build/package/build install --record /home/mo3az/RosProject/build/package/install.log --single-version-externally-managed install_data
