[12.495s] Invoking command in '/home/mo3az/RosProject/src/package': PYTHONPATH=/home/mo3az/RosProject/build/package/prefix_override:/usr/lib/python3/dist-packages/colcon_core/task/python/colcon_distutils_commands:/home/mo3az/RosProject/install/package/lib/python3.10/site-packages:${PYTHONPATH} /usr/bin/python3 -W ignore:setup.py install is deprecated -W ignore:easy_install command is deprecated setup.py egg_info --egg-base ../../build/package build --build-base /home/mo3az/RosProject/build/package/build install --record /home/mo3az/RosProject/build/package/install.log --single-version-externally-managed install_data
[13.126s] running egg_info
[13.127s] creating ../../build/package/package.egg-info
[13.155s] writing ../../build/package/package.egg-info/PKG-INFO
[13.156s] writing dependency_links to ../../build/package/package.egg-info/dependency_links.txt
[13.156s] writing entry points to ../../build/package/package.egg-info/entry_points.txt
[13.181s] writing requirements to ../../build/package/package.egg-info/requires.txt
[13.181s] writing top-level names to ../../build/package/package.egg-info/top_level.txt
[13.182s] writing manifest file '../../build/package/package.egg-info/SOURCES.txt'
[13.190s] reading manifest file '../../build/package/package.egg-info/SOURCES.txt'
[13.202s] writing manifest file '../../build/package/package.egg-info/SOURCES.txt'
[13.229s] running build
[13.230s] running build_py
[13.230s] creating /home/mo3az/RosProject/build/package/build
[13.231s] creating /home/mo3az/RosProject/build/package/build/lib
[13.231s] creating /home/mo3az/RosProject/build/package/build/lib/package
[13.233s] copying package/__init__.py -> /home/mo3az/RosProject/build/package/build/lib/package
[13.234s] copying package/TurtleArt.py -> /home/mo3az/RosProject/build/package/build/lib/package
[13.245s] running install
[13.246s] running install_lib
[13.247s] creating /home/mo3az/RosProject/install/package/lib/python3.10/site-packages/package
[13.248s] copying /home/mo3az/RosProject/build/package/build/lib/package/__init__.py -> /home/mo3az/RosProject/install/package/lib/python3.10/site-packages/package
[13.248s] copying /home/mo3az/RosProject/build/package/build/lib/package/TurtleArt.py -> /home/mo3az/RosProject/install/package/lib/python3.10/site-packages/package
[13.249s] byte-compiling /home/mo3az/RosProject/install/package/lib/python3.10/site-packages/package/__init__.py to __init__.cpython-310.pyc
[13.278s] byte-compiling /home/mo3az/RosProject/install/package/lib/python3.10/site-packages/package/TurtleArt.py to TurtleArt.cpython-310.pyc
[13.279s] running install_data
[13.279s] creating /home/mo3az/RosProject/install/package/share/ament_index
[13.280s] creating /home/mo3az/RosProject/install/package/share/ament_index/resource_index
[13.280s] creating /home/mo3az/RosProject/install/package/share/ament_index/resource_index/packages
[13.282s] copying resource/package -> /home/mo3az/RosProject/install/package/share/ament_index/resource_index/packages
[13.282s] copying package.xml -> /home/mo3az/RosProject/install/package/share/package
[13.282s] running install_egg_info
[13.285s] Copying ../../build/package/package.egg-info to /home/mo3az/RosProject/install/package/lib/python3.10/site-packages/package-0.0.0-py3.10.egg-info
[13.359s] running install_scripts
[13.436s] Installing moveturtle script to /home/mo3az/RosProject/install/package/lib/package
[13.472s] writing list of installed files to '/home/mo3az/RosProject/build/package/install.log'
[13.547s] Invoked command in '/home/mo3az/RosProject/src/package' returned '0': PYTHONPATH=/home/mo3az/RosProject/build/package/prefix_override:/usr/lib/python3/dist-packages/colcon_core/task/python/colcon_distutils_commands:/home/mo3az/RosProject/install/package/lib/python3.10/site-packages:${PYTHONPATH} /usr/bin/python3 -W ignore:setup.py install is deprecated -W ignore:easy_install command is deprecated setup.py egg_info --egg-base ../../build/package build --build-base /home/mo3az/RosProject/build/package/build install --record /home/mo3az/RosProject/build/package/install.log --single-version-externally-managed install_data
