/home/mo3az/RosProject/install/package/lib/python3.10/site-packages/package/spiral.py
/home/mo3az/RosProject/install/package/lib/python3.10/site-packages/package/__init__.py
/home/mo3az/RosProject/install/package/lib/python3.10/site-packages/package/integ.py
/home/mo3az/RosProject/install/package/lib/python3.10/site-packages/package/Heart.py
/home/mo3az/RosProject/install/package/lib/python3.10/site-packages/package/__pycache__/spiral.cpython-310.pyc
/home/mo3az/RosProject/install/package/lib/python3.10/site-packages/package/__pycache__/__init__.cpython-310.pyc
/home/mo3az/RosProject/install/package/lib/python3.10/site-packages/package/__pycache__/integ.cpython-310.pyc
/home/mo3az/RosProject/install/package/lib/python3.10/site-packages/package/__pycache__/Heart.cpython-310.pyc
/home/mo3az/RosProject/install/package/share/ament_index/resource_index/packages/package
/home/mo3az/RosProject/install/package/share/package/package.xml
/home/mo3az/RosProject/install/package/lib/python3.10/site-packages/package-0.0.0-py3.10.egg-info/zip-safe
/home/mo3az/RosProject/install/package/lib/python3.10/site-packages/package-0.0.0-py3.10.egg-info/dependency_links.txt
/home/mo3az/RosProject/install/package/lib/python3.10/site-packages/package-0.0.0-py3.10.egg-info/requires.txt
/home/mo3az/RosProject/install/package/lib/python3.10/site-packages/package-0.0.0-py3.10.egg-info/PKG-INFO
/home/mo3az/RosProject/install/package/lib/python3.10/site-packages/package-0.0.0-py3.10.egg-info/SOURCES.txt
/home/mo3az/RosProject/install/package/lib/python3.10/site-packages/package-0.0.0-py3.10.egg-info/top_level.txt
/home/mo3az/RosProject/install/package/lib/python3.10/site-packages/package-0.0.0-py3.10.egg-info/entry_points.txt
/home/mo3az/RosProject/install/package/lib/package/heart
/home/mo3az/RosProject/install/package/lib/package/integral
/home/mo3az/RosProject/install/package/lib/package/spiral
