[3.454s] Invoking command in '/home/mo3az/RosProject/src/package': PYTHONPATH=/home/mo3az/RosProject/build/package/prefix_override:/usr/lib/python3/dist-packages/colcon_core/task/python/colcon_distutils_commands:/home/mo3az/RosProject/install/package/lib/python3.10/site-packages:${PYTHONPATH} /usr/bin/python3 -W ignore:setup.py install is deprecated -W ignore:easy_install command is deprecated setup.py egg_info --egg-base ../../build/package build --build-base /home/mo3az/RosProject/build/package/build install --record /home/mo3az/RosProject/build/package/install.log --single-version-externally-managed install_data
[3.907s] running egg_info
[3.909s] writing ../../build/package/package.egg-info/PKG-INFO
[3.909s] writing dependency_links to ../../build/package/package.egg-info/dependency_links.txt
[3.910s] writing entry points to ../../build/package/package.egg-info/entry_points.txt
[3.911s] writing requirements to ../../build/package/package.egg-info/requires.txt
[3.911s] writing top-level names to ../../build/package/package.egg-info/top_level.txt
[3.914s] reading manifest file '../../build/package/package.egg-info/SOURCES.txt'
[3.916s] writing manifest file '../../build/package/package.egg-info/SOURCES.txt'
[3.917s] running build
[3.917s] running build_py
[3.917s] copying package/integ.py -> /home/mo3az/RosProject/build/package/build/lib/package
[3.918s] running install
[3.919s] running install_lib
[3.921s] copying /home/mo3az/RosProject/build/package/build/lib/package/integ.py -> /home/mo3az/RosProject/install/package/lib/python3.10/site-packages/package
[3.922s] byte-compiling /home/mo3az/RosProject/install/package/lib/python3.10/site-packages/package/integ.py to integ.cpython-310.pyc
[3.924s] running install_data
[3.924s] running install_egg_info
[3.927s] removing '/home/mo3az/RosProject/install/package/lib/python3.10/site-packages/package-0.0.0-py3.10.egg-info' (and everything under it)
[3.928s] Copying ../../build/package/package.egg-info to /home/mo3az/RosProject/install/package/lib/python3.10/site-packages/package-0.0.0-py3.10.egg-info
[3.931s] running install_scripts
[3.965s] Installing flower script to /home/mo3az/RosProject/install/package/lib/package
[3.965s] Installing integral script to /home/mo3az/RosProject/install/package/lib/package
[3.966s] Installing spiral script to /home/mo3az/RosProject/install/package/lib/package
[3.967s] writing list of installed files to '/home/mo3az/RosProject/build/package/install.log'
[4.013s] Invoked command in '/home/mo3az/RosProject/src/package' returned '0': PYTHONPATH=/home/mo3az/RosProject/build/package/prefix_override:/usr/lib/python3/dist-packages/colcon_core/task/python/colcon_distutils_commands:/home/mo3az/RosProject/install/package/lib/python3.10/site-packages:${PYTHONPATH} /usr/bin/python3 -W ignore:setup.py install is deprecated -W ignore:easy_install command is deprecated setup.py egg_info --egg-base ../../build/package build --build-base /home/mo3az/RosProject/build/package/build install --record /home/mo3az/RosProject/build/package/install.log --single-version-externally-managed install_data
