[5.643s] Invoking command in '/home/mo3az/RosProject/src/package': PYTHONPATH=/home/mo3az/RosProject/build/package/prefix_override:/usr/lib/python3/dist-packages/colcon_core/task/python/colcon_distutils_commands:/home/mo3az/RosProject/install/package/lib/python3.10/site-packages:${PYTHONPATH} /usr/bin/python3 -W ignore:setup.py install is deprecated -W ignore:easy_install command is deprecated setup.py egg_info --egg-base ../../build/package build --build-base /home/mo3az/RosProject/build/package/build install --record /home/mo3az/RosProject/build/package/install.log --single-version-externally-managed install_data
[6.135s] running egg_info
[6.137s] writing ../../build/package/package.egg-info/PKG-INFO
[6.160s] writing dependency_links to ../../build/package/package.egg-info/dependency_links.txt
[6.161s] writing entry points to ../../build/package/package.egg-info/entry_points.txt
[6.161s] writing requirements to ../../build/package/package.egg-info/requires.txt
[6.162s] writing top-level names to ../../build/package/package.egg-info/top_level.txt
[6.170s] reading manifest file '../../build/package/package.egg-info/SOURCES.txt'
[6.173s] writing manifest file '../../build/package/package.egg-info/SOURCES.txt'
[6.173s] running build
[6.173s] running build_py
[6.173s] copying package/spiral.py -> /home/mo3az/RosProject/build/package/build/lib/package
[6.174s] copying package/integ.py -> /home/mo3az/RosProject/build/package/build/lib/package
[6.175s] copying package/HeartsFlower.py -> /home/mo3az/RosProject/build/package/build/lib/package
[6.176s] running install
[6.177s] running install_lib
[6.178s] copying /home/mo3az/RosProject/build/package/build/lib/package/spiral.py -> /home/mo3az/RosProject/install/package/lib/python3.10/site-packages/package
[6.179s] copying /home/mo3az/RosProject/build/package/build/lib/package/integ.py -> /home/mo3az/RosProject/install/package/lib/python3.10/site-packages/package
[6.180s] copying /home/mo3az/RosProject/build/package/build/lib/package/HeartsFlower.py -> /home/mo3az/RosProject/install/package/lib/python3.10/site-packages/package
[6.181s] byte-compiling /home/mo3az/RosProject/install/package/lib/python3.10/site-packages/package/spiral.py to spiral.cpython-310.pyc
[6.183s] byte-compiling /home/mo3az/RosProject/install/package/lib/python3.10/site-packages/package/integ.py to integ.cpython-310.pyc
[6.186s] byte-compiling /home/mo3az/RosProject/install/package/lib/python3.10/site-packages/package/HeartsFlower.py to HeartsFlower.cpython-310.pyc
[6.197s] running install_data
[6.197s] running install_egg_info
[6.200s] removing '/home/mo3az/RosProject/install/package/lib/python3.10/site-packages/package-0.0.0-py3.10.egg-info' (and everything under it)
[6.216s] Copying ../../build/package/package.egg-info to /home/mo3az/RosProject/install/package/lib/python3.10/site-packages/package-0.0.0-py3.10.egg-info
[6.254s] running install_scripts
[6.310s] Installing flower script to /home/mo3az/RosProject/install/package/lib/package
[6.310s] Installing integral script to /home/mo3az/RosProject/install/package/lib/package
[6.311s] Installing spiral script to /home/mo3az/RosProject/install/package/lib/package
[6.312s] writing list of installed files to '/home/mo3az/RosProject/build/package/install.log'
[6.356s] Invoked command in '/home/mo3az/RosProject/src/package' returned '0': PYTHONPATH=/home/mo3az/RosProject/build/package/prefix_override:/usr/lib/python3/dist-packages/colcon_core/task/python/colcon_distutils_commands:/home/mo3az/RosProject/install/package/lib/python3.10/site-packages:${PYTHONPATH} /usr/bin/python3 -W ignore:setup.py install is deprecated -W ignore:easy_install command is deprecated setup.py egg_info --egg-base ../../build/package build --build-base /home/mo3az/RosProject/build/package/build install --record /home/mo3az/RosProject/build/package/install.log --single-version-externally-managed install_data
