[10.769s] DEBUG:colcon:Command line arguments: ['/usr/bin/colcon', 'build']
[10.771s] DEBUG:colcon:Parsed command line arguments: Namespace(log_base=None, log_level=None, verb_name='build', build_base='build', install_base='install', merge_install=False, symlink_install=False, test_result_base=None, continue_on_error=False, executor='parallel', parallel_workers=4, event_handlers=None, ignore_user_meta=False, metas=['./colcon.meta'], base_paths=['.'], packages_ignore=None, packages_ignore_regex=None, paths=None, packages_up_to=None, packages_up_to_regex=None, packages_above=None, packages_above_and_dependencies=None, packages_above_depth=None, packages_select_by_dep=None, packages_skip_by_dep=None, packages_skip_up_to=None, packages_select_build_failed=False, packages_skip_build_finished=False, packages_select_test_failures=False, packages_skip_test_passed=False, packages_select=None, packages_skip=None, packages_select_regex=None, packages_skip_regex=None, packages_start=None, packages_end=None, allow_overriding=[], cmake_args=None, cmake_target=None, cmake_target_skip_unavailable=False, cmake_clean_cache=False, cmake_clean_first=False, cmake_force_configure=False, ament_cmake_args=None, catkin_cmake_args=None, catkin_skip_building_tests=False, verb_parser=<colcon_defaults.argument_parser.defaults.DefaultArgumentsDecorator object at 0x73bcec532e90>, verb_extension=<colcon_core.verb.build.BuildVerb object at 0x73bcec531e70>, main=<bound method BuildVerb.main of <colcon_core.verb.build.BuildVerb object at 0x73bcec531e70>>)
[17.356s] Level 1:colcon.colcon_core.package_discovery:discover_packages(colcon_meta) check parameters
[17.356s] Level 1:colcon.colcon_core.package_discovery:discover_packages(recursive) check parameters
[17.356s] Level 1:colcon.colcon_core.package_discovery:discover_packages(ignore) check parameters
[17.356s] Level 1:colcon.colcon_core.package_discovery:discover_packages(path) check parameters
[17.357s] Level 1:colcon.colcon_core.package_discovery:discover_packages(colcon_meta) discover
[17.357s] Level 1:colcon.colcon_core.package_discovery:discover_packages(recursive) discover
[17.357s] INFO:colcon.colcon_core.package_discovery:Crawling recursively for packages in '/home/mo3az/RosProject'
[17.357s] Level 1:colcon.colcon_core.package_identification:_identify(.) by extensions ['ignore', 'ignore_ament_install']
[17.371s] Level 1:colcon.colcon_core.package_identification:_identify(.) by extension 'ignore'
[17.372s] Level 1:colcon.colcon_core.package_identification:_identify(.) by extension 'ignore_ament_install'
[17.372s] Level 1:colcon.colcon_core.package_identification:_identify(.) by extensions ['colcon_pkg']
[17.372s] Level 1:colcon.colcon_core.package_identification:_identify(.) by extension 'colcon_pkg'
[17.372s] Level 1:colcon.colcon_core.package_identification:_identify(.) by extensions ['colcon_meta']
[17.372s] Level 1:colcon.colcon_core.package_identification:_identify(.) by extension 'colcon_meta'
[17.373s] Level 1:colcon.colcon_core.package_identification:_identify(.) by extensions ['ros']
[17.373s] Level 1:colcon.colcon_core.package_identification:_identify(.) by extension 'ros'
[17.986s] Level 1:colcon.colcon_core.package_identification:_identify(.) by extensions ['cmake', 'python']
[17.986s] Level 1:colcon.colcon_core.package_identification:_identify(.) by extension 'cmake'
[17.986s] Level 1:colcon.colcon_core.package_identification:_identify(.) by extension 'python'
[17.987s] Level 1:colcon.colcon_core.package_identification:_identify(.) by extensions ['python_setup_py']
[17.987s] Level 1:colcon.colcon_core.package_identification:_identify(.) by extension 'python_setup_py'
[17.987s] Level 1:colcon.colcon_core.package_identification:_identify(build) by extensions ['ignore', 'ignore_ament_install']
[17.988s] Level 1:colcon.colcon_core.package_identification:_identify(build) by extension 'ignore'
[17.988s] Level 1:colcon.colcon_core.package_identification:_identify(build) ignored
[17.989s] Level 1:colcon.colcon_core.package_identification:_identify(install) by extensions ['ignore', 'ignore_ament_install']
[17.989s] Level 1:colcon.colcon_core.package_identification:_identify(install) by extension 'ignore'
[17.990s] Level 1:colcon.colcon_core.package_identification:_identify(install) ignored
[17.990s] Level 1:colcon.colcon_core.package_identification:_identify(log) by extensions ['ignore', 'ignore_ament_install']
[17.991s] Level 1:colcon.colcon_core.package_identification:_identify(log) by extension 'ignore'
[17.991s] Level 1:colcon.colcon_core.package_identification:_identify(log) ignored
[17.992s] Level 1:colcon.colcon_core.package_identification:_identify(src) by extensions ['ignore', 'ignore_ament_install']
[17.992s] Level 1:colcon.colcon_core.package_identification:_identify(src) by extension 'ignore'
[17.993s] Level 1:colcon.colcon_core.package_identification:_identify(src) by extension 'ignore_ament_install'
[17.993s] Level 1:colcon.colcon_core.package_identification:_identify(src) by extensions ['colcon_pkg']
[17.993s] Level 1:colcon.colcon_core.package_identification:_identify(src) by extension 'colcon_pkg'
[17.994s] Level 1:colcon.colcon_core.package_identification:_identify(src) by extensions ['colcon_meta']
[17.994s] Level 1:colcon.colcon_core.package_identification:_identify(src) by extension 'colcon_meta'
[17.994s] Level 1:colcon.colcon_core.package_identification:_identify(src) by extensions ['ros']
[17.994s] Level 1:colcon.colcon_core.package_identification:_identify(src) by extension 'ros'
[18.000s] Level 1:colcon.colcon_core.package_identification:_identify(src) by extensions ['cmake', 'python']
[18.000s] Level 1:colcon.colcon_core.package_identification:_identify(src) by extension 'cmake'
[18.000s] Level 1:colcon.colcon_core.package_identification:_identify(src) by extension 'python'
[18.001s] Level 1:colcon.colcon_core.package_identification:_identify(src) by extensions ['python_setup_py']
[18.001s] Level 1:colcon.colcon_core.package_identification:_identify(src) by extension 'python_setup_py'
[18.001s] Level 1:colcon.colcon_core.package_identification:_identify(src/package) by extensions ['ignore', 'ignore_ament_install']
[18.001s] Level 1:colcon.colcon_core.package_identification:_identify(src/package) by extension 'ignore'
[18.002s] Level 1:colcon.colcon_core.package_identification:_identify(src/package) by extension 'ignore_ament_install'
[18.002s] Level 1:colcon.colcon_core.package_identification:_identify(src/package) by extensions ['colcon_pkg']
[18.002s] Level 1:colcon.colcon_core.package_identification:_identify(src/package) by extension 'colcon_pkg'
[18.002s] Level 1:colcon.colcon_core.package_identification:_identify(src/package) by extensions ['colcon_meta']
[18.002s] Level 1:colcon.colcon_core.package_identification:_identify(src/package) by extension 'colcon_meta'
[18.002s] Level 1:colcon.colcon_core.package_identification:_identify(src/package) by extensions ['ros']
[18.003s] Level 1:colcon.colcon_core.package_identification:_identify(src/package) by extension 'ros'
[18.184s] DEBUG:colcon.colcon_core.package_identification:Package 'src/package' with type 'ros.ament_python' and name 'package'
[18.184s] Level 1:colcon.colcon_core.package_discovery:discover_packages(recursive) using defaults
[18.184s] Level 1:colcon.colcon_core.package_discovery:discover_packages(ignore) discover
[18.184s] Level 1:colcon.colcon_core.package_discovery:discover_packages(ignore) using defaults
[18.184s] Level 1:colcon.colcon_core.package_discovery:discover_packages(path) discover
[18.184s] Level 1:colcon.colcon_core.package_discovery:discover_packages(path) using defaults
[19.423s] Level 1:colcon.colcon_core.package_discovery:discover_packages(prefix_path) check parameters
[19.423s] Level 1:colcon.colcon_core.package_discovery:discover_packages(prefix_path) discover
[19.455s] DEBUG:colcon.colcon_installed_package_information.package_discovery:Found 271 installed packages in /opt/ros/humble
[19.458s] Level 1:colcon.colcon_core.package_discovery:discover_packages(prefix_path) using defaults
[20.099s] Level 5:colcon.colcon_core.verb:set package 'package' build argument 'cmake_args' from command line to 'None'
[20.099s] Level 5:colcon.colcon_core.verb:set package 'package' build argument 'cmake_target' from command line to 'None'
[20.099s] Level 5:colcon.colcon_core.verb:set package 'package' build argument 'cmake_target_skip_unavailable' from command line to 'False'
[20.099s] Level 5:colcon.colcon_core.verb:set package 'package' build argument 'cmake_clean_cache' from command line to 'False'
[20.099s] Level 5:colcon.colcon_core.verb:set package 'package' build argument 'cmake_clean_first' from command line to 'False'
[20.099s] Level 5:colcon.colcon_core.verb:set package 'package' build argument 'cmake_force_configure' from command line to 'False'
[20.099s] Level 5:colcon.colcon_core.verb:set package 'package' build argument 'ament_cmake_args' from command line to 'None'
[20.099s] Level 5:colcon.colcon_core.verb:set package 'package' build argument 'catkin_cmake_args' from command line to 'None'
[20.100s] Level 5:colcon.colcon_core.verb:set package 'package' build argument 'catkin_skip_building_tests' from command line to 'False'
[20.100s] DEBUG:colcon.colcon_core.verb:Building package 'package' with the following arguments: {'ament_cmake_args': None, 'build_base': '/home/mo3az/RosProject/build/package', 'catkin_cmake_args': None, 'catkin_skip_building_tests': False, 'cmake_args': None, 'cmake_clean_cache': False, 'cmake_clean_first': False, 'cmake_force_configure': False, 'cmake_target': None, 'cmake_target_skip_unavailable': False, 'install_base': '/home/mo3az/RosProject/install/package', 'merge_install': False, 'path': '/home/mo3az/RosProject/src/package', 'symlink_install': False, 'test_result_base': None}
[20.100s] INFO:colcon.colcon_core.executor:Executing jobs using 'parallel' executor
[20.223s] DEBUG:colcon.colcon_parallel_executor.executor.parallel:run_until_complete
[20.235s] INFO:colcon.colcon_ros.task.ament_python.build:Building ROS package in '/home/mo3az/RosProject/src/package' with build type 'ament_python'
[20.236s] Level 1:colcon.colcon_core.shell:create_environment_hook('package', 'ament_prefix_path')
[20.277s] INFO:colcon.colcon_core.plugin_system:Skipping extension 'colcon_core.shell.bat': Not used on non-Windows systems
[20.277s] INFO:colcon.colcon_core.shell:Creating environment hook '/home/mo3az/RosProject/install/package/share/package/hook/ament_prefix_path.ps1'
[20.425s] INFO:colcon.colcon_core.shell:Creating environment descriptor '/home/mo3az/RosProject/install/package/share/package/hook/ament_prefix_path.dsv'
[20.427s] INFO:colcon.colcon_core.shell:Creating environment hook '/home/mo3az/RosProject/install/package/share/package/hook/ament_prefix_path.sh'
[20.447s] INFO:colcon.colcon_core.shell:Skip shell extension 'powershell' for command environment: Not usable outside of PowerShell
[20.447s] DEBUG:colcon.colcon_core.shell:Skip shell extension 'dsv' for command environment
[23.898s] INFO:colcon.colcon_core.task.python.build:Building Python package in '/home/mo3az/RosProject/src/package'
[23.898s] INFO:colcon.colcon_core.shell:Skip shell extension 'powershell' for command environment: Not usable outside of PowerShell
[23.898s] DEBUG:colcon.colcon_core.shell:Skip shell extension 'dsv' for command environment
[32.733s] DEBUG:colcon.colcon_core.event_handler.log_command:Invoking command in '/home/mo3az/RosProject/src/package': PYTHONPATH=/home/mo3az/RosProject/build/package/prefix_override:/usr/lib/python3/dist-packages/colcon_core/task/python/colcon_distutils_commands:/home/mo3az/RosProject/install/package/lib/python3.10/site-packages:${PYTHONPATH} /usr/bin/python3 -W ignore:setup.py install is deprecated -W ignore:easy_install command is deprecated setup.py egg_info --egg-base ../../build/package build --build-base /home/mo3az/RosProject/build/package/build install --record /home/mo3az/RosProject/build/package/install.log --single-version-externally-managed install_data
[33.785s] DEBUG:colcon.colcon_core.event_handler.log_command:Invoked command in '/home/mo3az/RosProject/src/package' returned '0': PYTHONPATH=/home/mo3az/RosProject/build/package/prefix_override:/usr/lib/python3/dist-packages/colcon_core/task/python/colcon_distutils_commands:/home/mo3az/RosProject/install/package/lib/python3.10/site-packages:${PYTHONPATH} /usr/bin/python3 -W ignore:setup.py install is deprecated -W ignore:easy_install command is deprecated setup.py egg_info --egg-base ../../build/package build --build-base /home/mo3az/RosProject/build/package/build install --record /home/mo3az/RosProject/build/package/install.log --single-version-externally-managed install_data
[33.855s] Level 1:colcon.colcon_core.environment:checking '/home/mo3az/RosProject/install/package' for CMake module files
[33.872s] Level 1:colcon.colcon_core.environment:checking '/home/mo3az/RosProject/install/package' for CMake config files
[33.873s] Level 1:colcon.colcon_core.environment:checking '/home/mo3az/RosProject/install/package/lib'
[33.873s] Level 1:colcon.colcon_core.environment:checking '/home/mo3az/RosProject/install/package/bin'
[33.874s] Level 1:colcon.colcon_core.environment:checking '/home/mo3az/RosProject/install/package/lib/pkgconfig/package.pc'
[33.874s] Level 1:colcon.colcon_core.environment:checking '/home/mo3az/RosProject/install/package/lib/python3.10/site-packages'
[33.874s] Level 1:colcon.colcon_core.shell:create_environment_hook('package', 'pythonpath')
[33.875s] INFO:colcon.colcon_core.shell:Creating environment hook '/home/mo3az/RosProject/install/package/share/package/hook/pythonpath.ps1'
[33.876s] INFO:colcon.colcon_core.shell:Creating environment descriptor '/home/mo3az/RosProject/install/package/share/package/hook/pythonpath.dsv'
[33.893s] INFO:colcon.colcon_core.shell:Creating environment hook '/home/mo3az/RosProject/install/package/share/package/hook/pythonpath.sh'
[33.894s] Level 1:colcon.colcon_core.environment:checking '/home/mo3az/RosProject/install/package/bin'
[33.894s] Level 1:colcon.colcon_core.environment:create_environment_scripts_only(package)
[33.895s] INFO:colcon.colcon_core.shell:Creating package script '/home/mo3az/RosProject/install/package/share/package/package.ps1'
[33.898s] INFO:colcon.colcon_core.shell:Creating package descriptor '/home/mo3az/RosProject/install/package/share/package/package.dsv'
[33.900s] INFO:colcon.colcon_core.shell:Creating package script '/home/mo3az/RosProject/install/package/share/package/package.sh'
[33.922s] INFO:colcon.colcon_core.shell:Creating package script '/home/mo3az/RosProject/install/package/share/package/package.bash'
[33.947s] INFO:colcon.colcon_core.shell:Creating package script '/home/mo3az/RosProject/install/package/share/package/package.zsh'
[33.952s] Level 1:colcon.colcon_core.environment:create_file_with_runtime_dependencies(/home/mo3az/RosProject/install/package/share/colcon-core/packages/package)
[33.956s] DEBUG:colcon.colcon_parallel_executor.executor.parallel:closing loop
[33.958s] DEBUG:colcon.colcon_parallel_executor.executor.parallel:loop closed
[33.959s] DEBUG:colcon.colcon_parallel_executor.executor.parallel:run_until_complete finished with '0'
[33.959s] DEBUG:colcon.colcon_core.event_reactor:joining thread
[34.359s] INFO:colcon.colcon_core.plugin_system:Skipping extension 'colcon_notification.desktop_notification.notify_send': Could not find 'notify-send'
[34.360s] INFO:colcon.colcon_core.plugin_system:Skipping extension 'colcon_notification.desktop_notification.terminal_notifier': Not used on non-Darwin systems
[34.360s] INFO:colcon.colcon_core.plugin_system:Skipping extension 'colcon_notification.desktop_notification.win32': Not used on non-Windows systems
[34.360s] INFO:colcon.colcon_notification.desktop_notification:Sending desktop notification using 'notify2'
[34.464s] DEBUG:colcon.colcon_notification.desktop_notification.notify2:Failed to initialize notify2: org.freedesktop.DBus.Error.FileNotFound: Failed to connect to socket /run/user/1000/bus: No such file or directory
[34.464s] DEBUG:colcon.colcon_core.event_reactor:joined thread
[34.465s] INFO:colcon.colcon_core.shell:Creating prefix script '/home/mo3az/RosProject/install/local_setup.ps1'
[34.471s] INFO:colcon.colcon_core.shell:Creating prefix util module '/home/mo3az/RosProject/install/_local_setup_util_ps1.py'
[34.492s] INFO:colcon.colcon_core.shell:Creating prefix chain script '/home/mo3az/RosProject/install/setup.ps1'
[34.498s] INFO:colcon.colcon_core.shell:Creating prefix script '/home/mo3az/RosProject/install/local_setup.sh'
[34.550s] INFO:colcon.colcon_core.shell:Creating prefix util module '/home/mo3az/RosProject/install/_local_setup_util_sh.py'
[34.553s] INFO:colcon.colcon_core.shell:Creating prefix chain script '/home/mo3az/RosProject/install/setup.sh'
[34.560s] INFO:colcon.colcon_core.shell:Creating prefix script '/home/mo3az/RosProject/install/local_setup.bash'
[34.567s] INFO:colcon.colcon_core.shell:Creating prefix chain script '/home/mo3az/RosProject/install/setup.bash'
[34.573s] INFO:colcon.colcon_core.shell:Creating prefix script '/home/mo3az/RosProject/install/local_setup.zsh'
[34.577s] INFO:colcon.colcon_core.shell:Creating prefix chain script '/home/mo3az/RosProject/install/setup.zsh'
