[1.159s] Invoking command in '/home/mo3az/RosProject/src/package': PYTHONPATH=/home/mo3az/RosProject/build/package/prefix_override:/usr/lib/python3/dist-packages/colcon_core/task/python/colcon_distutils_commands:/home/mo3az/RosProject/install/package/lib/python3.10/site-packages:${PYTHONPATH} /usr/bin/python3 -W ignore:setup.py install is deprecated -W ignore:easy_install command is deprecated setup.py egg_info --egg-base ../../build/package build --build-base /home/mo3az/RosProject/build/package/build install --record /home/mo3az/RosProject/build/package/install.log --single-version-externally-managed install_data
[1.535s] running egg_info
[1.537s] writing ../../build/package/package.egg-info/PKG-INFO
[1.538s] writing dependency_links to ../../build/package/package.egg-info/dependency_links.txt
[1.538s] writing entry points to ../../build/package/package.egg-info/entry_points.txt
[1.539s] writing requirements to ../../build/package/package.egg-info/requires.txt
[1.539s] writing top-level names to ../../build/package/package.egg-info/top_level.txt
[1.542s] reading manifest file '../../build/package/package.egg-info/SOURCES.txt'
[1.544s] writing manifest file '../../build/package/package.egg-info/SOURCES.txt'
[1.544s] running build
[1.544s] running build_py
[1.545s] copying package/integ.py -> /home/mo3az/RosProject/build/package/build/lib/package
[1.546s] running install
[1.547s] running install_lib
[1.548s] copying /home/mo3az/RosProject/build/package/build/lib/package/integ.py -> /home/mo3az/RosProject/install/package/lib/python3.10/site-packages/package
[1.550s] byte-compiling /home/mo3az/RosProject/install/package/lib/python3.10/site-packages/package/integ.py to integ.cpython-310.pyc
[1.559s] running install_data
[1.559s] running install_egg_info
[1.562s] removing '/home/mo3az/RosProject/install/package/lib/python3.10/site-packages/package-0.0.0-py3.10.egg-info' (and everything under it)
[1.564s] Copying ../../build/package/package.egg-info to /home/mo3az/RosProject/install/package/lib/python3.10/site-packages/package-0.0.0-py3.10.egg-info
[1.575s] running install_scripts
[1.614s] Installing integral script to /home/mo3az/RosProject/install/package/lib/package
[1.623s] Installing spiral script to /home/mo3az/RosProject/install/package/lib/package
[1.623s] writing list of installed files to '/home/mo3az/RosProject/build/package/install.log'
[1.667s] Invoked command in '/home/mo3az/RosProject/src/package' returned '0': PYTHONPATH=/home/mo3az/RosProject/build/package/prefix_override:/usr/lib/python3/dist-packages/colcon_core/task/python/colcon_distutils_commands:/home/mo3az/RosProject/install/package/lib/python3.10/site-packages:${PYTHONPATH} /usr/bin/python3 -W ignore:setup.py install is deprecated -W ignore:easy_install command is deprecated setup.py egg_info --egg-base ../../build/package build --build-base /home/mo3az/RosProject/build/package/build install --record /home/mo3az/RosProject/build/package/install.log --single-version-externally-managed install_data
