[3.189s] Invoking command in '/home/mo3az/RosProject/src/package': PYTHONPATH=/home/mo3az/RosProject/build/package/prefix_override:/usr/lib/python3/dist-packages/colcon_core/task/python/colcon_distutils_commands:/home/mo3az/RosProject/install/package/lib/python3.10/site-packages:${PYTHONPATH} /usr/bin/python3 -W ignore:setup.py install is deprecated -W ignore:easy_install command is deprecated setup.py egg_info --egg-base ../../build/package build --build-base /home/mo3az/RosProject/build/package/build install --record /home/mo3az/RosProject/build/package/install.log --single-version-externally-managed install_data
[4.153s] running egg_info
[4.155s] writing ../../build/package/package.egg-info/PKG-INFO
[4.156s] writing dependency_links to ../../build/package/package.egg-info/dependency_links.txt
[4.157s] writing entry points to ../../build/package/package.egg-info/entry_points.txt
[4.157s] writing requirements to ../../build/package/package.egg-info/requires.txt
[4.158s] writing top-level names to ../../build/package/package.egg-info/top_level.txt
[4.162s] reading manifest file '../../build/package/package.egg-info/SOURCES.txt'
[4.163s] writing manifest file '../../build/package/package.egg-info/SOURCES.txt'
[4.164s] running build
[4.164s] running build_py
[4.164s] copying package/integ.py -> /home/mo3az/RosProject/build/package/build/lib/package
[4.165s] copying package/Phi.py -> /home/mo3az/RosProject/build/package/build/lib/package
[4.165s] running install
[4.165s] running install_lib
[4.167s] copying /home/mo3az/RosProject/build/package/build/lib/package/integ.py -> /home/mo3az/RosProject/install/package/lib/python3.10/site-packages/package
[4.167s] copying /home/mo3az/RosProject/build/package/build/lib/package/Phi.py -> /home/mo3az/RosProject/install/package/lib/python3.10/site-packages/package
[4.168s] byte-compiling /home/mo3az/RosProject/install/package/lib/python3.10/site-packages/package/integ.py to integ.cpython-310.pyc
[4.169s] byte-compiling /home/mo3az/RosProject/install/package/lib/python3.10/site-packages/package/Phi.py to Phi.cpython-310.pyc
[4.170s] running install_data
[4.170s] running install_egg_info
[4.173s] removing '/home/mo3az/RosProject/install/package/lib/python3.10/site-packages/package-0.0.0-py3.10.egg-info' (and everything under it)
[4.173s] Copying ../../build/package/package.egg-info to /home/mo3az/RosProject/install/package/lib/python3.10/site-packages/package-0.0.0-py3.10.egg-info
[4.176s] running install_scripts
[4.286s] Installing flower script to /home/mo3az/RosProject/install/package/lib/package
[4.286s] Installing integral script to /home/mo3az/RosProject/install/package/lib/package
[4.287s] Installing phi script to /home/mo3az/RosProject/install/package/lib/package
[4.288s] Installing spiral script to /home/mo3az/RosProject/install/package/lib/package
[4.290s] writing list of installed files to '/home/mo3az/RosProject/build/package/install.log'
[4.343s] Invoked command in '/home/mo3az/RosProject/src/package' returned '0': PYTHONPATH=/home/mo3az/RosProject/build/package/prefix_override:/usr/lib/python3/dist-packages/colcon_core/task/python/colcon_distutils_commands:/home/mo3az/RosProject/install/package/lib/python3.10/site-packages:${PYTHONPATH} /usr/bin/python3 -W ignore:setup.py install is deprecated -W ignore:easy_install command is deprecated setup.py egg_info --egg-base ../../build/package build --build-base /home/mo3az/RosProject/build/package/build install --record /home/mo3az/RosProject/build/package/install.log --single-version-externally-managed install_data
