[1.112s] Invoking command in '/home/mo3az/RosProject/src/package': PYTHONPATH=/home/mo3az/RosProject/build/package/prefix_override:/usr/lib/python3/dist-packages/colcon_core/task/python/colcon_distutils_commands:/home/mo3az/RosProject/install/package/lib/python3.10/site-packages:${PYTHONPATH} /usr/bin/python3 -W ignore:setup.py install is deprecated -W ignore:easy_install command is deprecated setup.py egg_info --egg-base ../../build/package build --build-base /home/mo3az/RosProject/build/package/build install --record /home/mo3az/RosProject/build/package/install.log --single-version-externally-managed install_data
[1.485s] running egg_info
[1.486s] writing ../../build/package/package.egg-info/PKG-INFO
[1.487s] writing dependency_links to ../../build/package/package.egg-info/dependency_links.txt
[1.487s] writing entry points to ../../build/package/package.egg-info/entry_points.txt
[1.488s] writing requirements to ../../build/package/package.egg-info/requires.txt
[1.488s] writing top-level names to ../../build/package/package.egg-info/top_level.txt
[1.492s] reading manifest file '../../build/package/package.egg-info/SOURCES.txt'
[1.494s] writing manifest file '../../build/package/package.egg-info/SOURCES.txt'
[1.494s] running build
[1.495s] running build_py
[1.495s] copying package/TurtleArt.py -> /home/mo3az/RosProject/build/package/build/lib/package
[1.495s] running install
[1.496s] running install_lib
[1.498s] copying /home/mo3az/RosProject/build/package/build/lib/package/TurtleArt.py -> /home/mo3az/RosProject/install/package/lib/python3.10/site-packages/package
[1.499s] byte-compiling /home/mo3az/RosProject/install/package/lib/python3.10/site-packages/package/TurtleArt.py to TurtleArt.cpython-310.pyc
[1.500s] running install_data
[1.501s] running install_egg_info
[1.504s] removing '/home/mo3az/RosProject/install/package/lib/python3.10/site-packages/package-0.0.0-py3.10.egg-info' (and everything under it)
[1.505s] Copying ../../build/package/package.egg-info to /home/mo3az/RosProject/install/package/lib/python3.10/site-packages/package-0.0.0-py3.10.egg-info
[1.520s] running install_scripts
[1.555s] Installing moveturtle script to /home/mo3az/RosProject/install/package/lib/package
[1.557s] writing list of installed files to '/home/mo3az/RosProject/build/package/install.log'
[1.597s] Invoked command in '/home/mo3az/RosProject/src/package' returned '0': PYTHONPATH=/home/mo3az/RosProject/build/package/prefix_override:/usr/lib/python3/dist-packages/colcon_core/task/python/colcon_distutils_commands:/home/mo3az/RosProject/install/package/lib/python3.10/site-packages:${PYTHONPATH} /usr/bin/python3 -W ignore:setup.py install is deprecated -W ignore:easy_install command is deprecated setup.py egg_info --egg-base ../../build/package build --build-base /home/mo3az/RosProject/build/package/build install --record /home/mo3az/RosProject/build/package/install.log --single-version-externally-managed install_data
