[1.306s] Invoking command in '/home/mo3az/RosProject/src/package': PYTHONPATH=/home/mo3az/RosProject/build/package/prefix_override:/usr/lib/python3/dist-packages/colcon_core/task/python/colcon_distutils_commands:/home/mo3az/RosProject/install/package/lib/python3.10/site-packages:${PYTHONPATH} /usr/bin/python3 -W ignore:setup.py install is deprecated -W ignore:easy_install command is deprecated setup.py egg_info --egg-base ../../build/package build --build-base /home/mo3az/RosProject/build/package/build install --record /home/mo3az/RosProject/build/package/install.log --single-version-externally-managed install_data
[1.620s] running egg_info
[1.622s] writing ../../build/package/package.egg-info/PKG-INFO
[1.623s] writing dependency_links to ../../build/package/package.egg-info/dependency_links.txt
[1.624s] writing entry points to ../../build/package/package.egg-info/entry_points.txt
[1.624s] writing requirements to ../../build/package/package.egg-info/requires.txt
[1.625s] writing top-level names to ../../build/package/package.egg-info/top_level.txt
[1.628s] reading manifest file '../../build/package/package.egg-info/SOURCES.txt'
[1.629s] writing manifest file '../../build/package/package.egg-info/SOURCES.txt'
[1.630s] running build
[1.630s] running build_py
[1.631s] copying package/spiral.py -> /home/mo3az/RosProject/build/package/build/lib/package
[1.632s] running install
[1.632s] running install_lib
[1.634s] copying /home/mo3az/RosProject/build/package/build/lib/package/spiral.py -> /home/mo3az/RosProject/install/package/lib/python3.10/site-packages/package
[1.686s] byte-compiling /home/mo3az/RosProject/install/package/lib/python3.10/site-packages/package/spiral.py to spiral.cpython-310.pyc
[1.708s] running install_data
[1.709s] running install_egg_info
[1.712s] removing '/home/mo3az/RosProject/install/package/lib/python3.10/site-packages/package-0.0.0-py3.10.egg-info' (and everything under it)
[1.712s] Copying ../../build/package/package.egg-info to /home/mo3az/RosProject/install/package/lib/python3.10/site-packages/package-0.0.0-py3.10.egg-info
[1.758s] running install_scripts
[1.796s] Installing spiral = package.spiral:mainintegral script to /home/mo3az/RosProject/install/package/lib/package
[1.797s] writing list of installed files to '/home/mo3az/RosProject/build/package/install.log'
[1.842s] Invoked command in '/home/mo3az/RosProject/src/package' returned '0': PYTHONPATH=/home/mo3az/RosProject/build/package/prefix_override:/usr/lib/python3/dist-packages/colcon_core/task/python/colcon_distutils_commands:/home/mo3az/RosProject/install/package/lib/python3.10/site-packages:${PYTHONPATH} /usr/bin/python3 -W ignore:setup.py install is deprecated -W ignore:easy_install command is deprecated setup.py egg_info --egg-base ../../build/package build --build-base /home/mo3az/RosProject/build/package/build install --record /home/mo3az/RosProject/build/package/install.log --single-version-externally-managed install_data
