[1.632s] Invoking command in '/home/mo3az/RosProject/src/package': PYTHONPATH=/home/mo3az/RosProject/build/package/prefix_override:/usr/lib/python3/dist-packages/colcon_core/task/python/colcon_distutils_commands:/home/mo3az/RosProject/install/package/lib/python3.10/site-packages:${PYTHONPATH} /usr/bin/python3 -W ignore:setup.py install is deprecated -W ignore:easy_install command is deprecated setup.py egg_info --egg-base ../../build/package build --build-base /home/mo3az/RosProject/build/package/build install --record /home/mo3az/RosProject/build/package/install.log --single-version-externally-managed install_data
[2.794s] running egg_info
[2.795s] writing ../../build/package/package.egg-info/PKG-INFO
[2.797s] writing dependency_links to ../../build/package/package.egg-info/dependency_links.txt
[2.797s] writing entry points to ../../build/package/package.egg-info/entry_points.txt
[2.797s] writing requirements to ../../build/package/package.egg-info/requires.txt
[2.798s] writing top-level names to ../../build/package/package.egg-info/top_level.txt
[2.802s] reading manifest file '../../build/package/package.egg-info/SOURCES.txt'
[2.804s] writing manifest file '../../build/package/package.egg-info/SOURCES.txt'
[2.804s] running build
[2.805s] running build_py
[2.805s] copying package/integ.py -> /home/mo3az/RosProject/build/package/build/lib/package
[2.805s] running install
[2.806s] running install_lib
[2.808s] copying /home/mo3az/RosProject/build/package/build/lib/package/integ.py -> /home/mo3az/RosProject/install/package/lib/python3.10/site-packages/package
[2.809s] byte-compiling /home/mo3az/RosProject/install/package/lib/python3.10/site-packages/package/integ.py to integ.cpython-310.pyc
[2.811s] running install_data
[2.811s] running install_egg_info
[2.814s] removing '/home/mo3az/RosProject/install/package/lib/python3.10/site-packages/package-0.0.0-py3.10.egg-info' (and everything under it)
[2.840s] Copying ../../build/package/package.egg-info to /home/mo3az/RosProject/install/package/lib/python3.10/site-packages/package-0.0.0-py3.10.egg-info
[2.842s] running install_scripts
[2.882s] Installing flower script to /home/mo3az/RosProject/install/package/lib/package
[2.882s] Installing integral script to /home/mo3az/RosProject/install/package/lib/package
[2.882s] Installing spiral script to /home/mo3az/RosProject/install/package/lib/package
[2.883s] writing list of installed files to '/home/mo3az/RosProject/build/package/install.log'
[2.929s] Invoked command in '/home/mo3az/RosProject/src/package' returned '0': PYTHONPATH=/home/mo3az/RosProject/build/package/prefix_override:/usr/lib/python3/dist-packages/colcon_core/task/python/colcon_distutils_commands:/home/mo3az/RosProject/install/package/lib/python3.10/site-packages:${PYTHONPATH} /usr/bin/python3 -W ignore:setup.py install is deprecated -W ignore:easy_install command is deprecated setup.py egg_info --egg-base ../../build/package build --build-base /home/mo3az/RosProject/build/package/build install --record /home/mo3az/RosProject/build/package/install.log --single-version-externally-managed install_data
