running egg_info
writing ../../build/package/package.egg-info/PKG-INFO
writing dependency_links to ../../build/package/package.egg-info/dependency_links.txt
writing entry points to ../../build/package/package.egg-info/entry_points.txt
writing requirements to ../../build/package/package.egg-info/requires.txt
writing top-level names to ../../build/package/package.egg-info/top_level.txt
reading manifest file '../../build/package/package.egg-info/SOURCES.txt'
writing manifest file '../../build/package/package.egg-info/SOURCES.txt'
running build
running build_py
copying package/integ.py -> /home/mo3az/RosProject/build/package/build/lib/package
copying package/Spiral.py -> /home/mo3az/RosProject/build/package/build/lib/package
running install
running install_lib
copying /home/mo3az/RosProject/build/package/build/lib/package/integ.py -> /home/mo3az/RosProject/install/package/lib/python3.10/site-packages/package
copying /home/mo3az/RosProject/build/package/build/lib/package/Spiral.py -> /home/mo3az/RosProject/install/package/lib/python3.10/site-packages/package
byte-compiling /home/mo3az/RosProject/install/package/lib/python3.10/site-packages/package/integ.py to integ.cpython-310.pyc
byte-compiling /home/mo3az/RosProject/install/package/lib/python3.10/site-packages/package/Spiral.py to Spiral.cpython-310.pyc
running install_data
running install_egg_info
removing '/home/mo3az/RosProject/install/package/lib/python3.10/site-packages/package-0.0.0-py3.10.egg-info' (and everything under it)
Copying ../../build/package/package.egg-info to /home/mo3az/RosProject/install/package/lib/python3.10/site-packages/package-0.0.0-py3.10.egg-info
running install_scripts
Installing spiral script to /home/mo3az/RosProject/install/package/lib/package
writing list of installed files to '/home/mo3az/RosProject/build/package/install.log'
