[11.508s] Invoking command in '/home/mo3az/RosProject/src/package': PYTHONPATH=/home/mo3az/RosProject/build/package/prefix_override:/usr/lib/python3/dist-packages/colcon_core/task/python/colcon_distutils_commands:/home/mo3az/RosProject/install/package/lib/python3.10/site-packages:${PYTHONPATH} /usr/bin/python3 -W ignore:setup.py install is deprecated -W ignore:easy_install command is deprecated setup.py egg_info --egg-base ../../build/package build --build-base /home/mo3az/RosProject/build/package/build install --record /home/mo3az/RosProject/build/package/install.log --single-version-externally-managed install_data
[11.890s] running egg_info
[11.892s] writing ../../build/package/package.egg-info/PKG-INFO
[12.010s] writing dependency_links to ../../build/package/package.egg-info/dependency_links.txt
[12.031s] writing entry points to ../../build/package/package.egg-info/entry_points.txt
[12.031s] writing requirements to ../../build/package/package.egg-info/requires.txt
[12.032s] writing top-level names to ../../build/package/package.egg-info/top_level.txt
[12.077s] reading manifest file '../../build/package/package.egg-info/SOURCES.txt'
[12.098s] writing manifest file '../../build/package/package.egg-info/SOURCES.txt'
[12.099s] running build
[12.100s] running build_py
[12.101s] copying package/integ.py -> /home/mo3az/RosProject/build/package/build/lib/package
[12.101s] copying package/Spiral.py -> /home/mo3az/RosProject/build/package/build/lib/package
[12.102s] running install
[12.103s] running install_lib
[12.105s] copying /home/mo3az/RosProject/build/package/build/lib/package/integ.py -> /home/mo3az/RosProject/install/package/lib/python3.10/site-packages/package
[12.106s] copying /home/mo3az/RosProject/build/package/build/lib/package/Spiral.py -> /home/mo3az/RosProject/install/package/lib/python3.10/site-packages/package
[12.106s] byte-compiling /home/mo3az/RosProject/install/package/lib/python3.10/site-packages/package/integ.py to integ.cpython-310.pyc
[12.107s] byte-compiling /home/mo3az/RosProject/install/package/lib/python3.10/site-packages/package/Spiral.py to Spiral.cpython-310.pyc
[12.155s] running install_data
[12.155s] running install_egg_info
[12.158s] removing '/home/mo3az/RosProject/install/package/lib/python3.10/site-packages/package-0.0.0-py3.10.egg-info' (and everything under it)
[12.320s] Copying ../../build/package/package.egg-info to /home/mo3az/RosProject/install/package/lib/python3.10/site-packages/package-0.0.0-py3.10.egg-info
[12.535s] running install_scripts
[12.570s] Installing spiral script to /home/mo3az/RosProject/install/package/lib/package
[12.622s] writing list of installed files to '/home/mo3az/RosProject/build/package/install.log'
[12.784s] Invoked command in '/home/mo3az/RosProject/src/package' returned '0': PYTHONPATH=/home/mo3az/RosProject/build/package/prefix_override:/usr/lib/python3/dist-packages/colcon_core/task/python/colcon_distutils_commands:/home/mo3az/RosProject/install/package/lib/python3.10/site-packages:${PYTHONPATH} /usr/bin/python3 -W ignore:setup.py install is deprecated -W ignore:easy_install command is deprecated setup.py egg_info --egg-base ../../build/package build --build-base /home/mo3az/RosProject/build/package/build install --record /home/mo3az/RosProject/build/package/install.log --single-version-externally-managed install_data
