[0.809s] DEBUG:colcon:Command line arguments: ['/usr/bin/colcon', 'build']
[0.809s] DEBUG:colcon:Parsed command line arguments: Namespace(log_base=None, log_level=None, verb_name='build', build_base='build', install_base='install', merge_install=False, symlink_install=False, test_result_base=None, continue_on_error=False, executor='parallel', parallel_workers=4, event_handlers=None, ignore_user_meta=False, metas=['./colcon.meta'], base_paths=['.'], packages_ignore=None, packages_ignore_regex=None, paths=None, packages_up_to=None, packages_up_to_regex=None, packages_above=None, packages_above_and_dependencies=None, packages_above_depth=None, packages_select_by_dep=None, packages_skip_by_dep=None, packages_skip_up_to=None, packages_select_build_failed=False, packages_skip_build_finished=False, packages_select_test_failures=False, packages_skip_test_passed=False, packages_select=None, packages_skip=None, packages_select_regex=None, packages_skip_regex=None, packages_start=None, packages_end=None, allow_overriding=[], cmake_args=None, cmake_target=None, cmake_target_skip_unavailable=False, cmake_clean_cache=False, cmake_clean_first=False, cmake_force_configure=False, ament_cmake_args=None, catkin_cmake_args=None, catkin_skip_building_tests=False, verb_parser=<colcon_defaults.argument_parser.defaults.DefaultArgumentsDecorator object at 0x74f123c23250>, verb_extension=<colcon_core.verb.build.BuildVerb object at 0x74f123c22230>, main=<bound method BuildVerb.main of <colcon_core.verb.build.BuildVerb object at 0x74f123c22230>>)
[1.368s] Level 1:colcon.colcon_core.package_discovery:discover_packages(colcon_meta) check parameters
[1.369s] Level 1:colcon.colcon_core.package_discovery:discover_packages(recursive) check parameters
[1.369s] Level 1:colcon.colcon_core.package_discovery:discover_packages(ignore) check parameters
[1.369s] Level 1:colcon.colcon_core.package_discovery:discover_packages(path) check parameters
[1.369s] Level 1:colcon.colcon_core.package_discovery:discover_packages(colcon_meta) discover
[1.370s] Level 1:colcon.colcon_core.package_discovery:discover_packages(recursive) discover
[1.370s] INFO:colcon.colcon_core.package_discovery:Crawling recursively for packages in '/home/mo3az/RosProject'
[1.370s] Level 1:colcon.colcon_core.package_identification:_identify(.) by extensions ['ignore', 'ignore_ament_install']
[1.371s] Level 1:colcon.colcon_core.package_identification:_identify(.) by extension 'ignore'
[1.371s] Level 1:colcon.colcon_core.package_identification:_identify(.) by extension 'ignore_ament_install'
[1.371s] Level 1:colcon.colcon_core.package_identification:_identify(.) by extensions ['colcon_pkg']
[1.371s] Level 1:colcon.colcon_core.package_identification:_identify(.) by extension 'colcon_pkg'
[1.371s] Level 1:colcon.colcon_core.package_identification:_identify(.) by extensions ['colcon_meta']
[1.371s] Level 1:colcon.colcon_core.package_identification:_identify(.) by extension 'colcon_meta'
[1.372s] Level 1:colcon.colcon_core.package_identification:_identify(.) by extensions ['ros']
[1.372s] Level 1:colcon.colcon_core.package_identification:_identify(.) by extension 'ros'
[1.412s] Level 1:colcon.colcon_core.package_identification:_identify(.) by extensions ['cmake', 'python']
[1.413s] Level 1:colcon.colcon_core.package_identification:_identify(.) by extension 'cmake'
[1.413s] Level 1:colcon.colcon_core.package_identification:_identify(.) by extension 'python'
[1.413s] Level 1:colcon.colcon_core.package_identification:_identify(.) by extensions ['python_setup_py']
[1.413s] Level 1:colcon.colcon_core.package_identification:_identify(.) by extension 'python_setup_py'
[1.414s] Level 1:colcon.colcon_core.package_identification:_identify(build) by extensions ['ignore', 'ignore_ament_install']
[1.414s] Level 1:colcon.colcon_core.package_identification:_identify(build) by extension 'ignore'
[1.415s] Level 1:colcon.colcon_core.package_identification:_identify(build) ignored
[1.415s] Level 1:colcon.colcon_core.package_identification:_identify(install) by extensions ['ignore', 'ignore_ament_install']
[1.415s] Level 1:colcon.colcon_core.package_identification:_identify(install) by extension 'ignore'
[1.416s] Level 1:colcon.colcon_core.package_identification:_identify(install) ignored
[1.416s] Level 1:colcon.colcon_core.package_identification:_identify(log) by extensions ['ignore', 'ignore_ament_install']
[1.417s] Level 1:colcon.colcon_core.package_identification:_identify(log) by extension 'ignore'
[1.417s] Level 1:colcon.colcon_core.package_identification:_identify(log) ignored
[1.417s] Level 1:colcon.colcon_core.package_identification:_identify(src) by extensions ['ignore', 'ignore_ament_install']
[1.418s] Level 1:colcon.colcon_core.package_identification:_identify(src) by extension 'ignore'
[1.418s] Level 1:colcon.colcon_core.package_identification:_identify(src) by extension 'ignore_ament_install'
[1.418s] Level 1:colcon.colcon_core.package_identification:_identify(src) by extensions ['colcon_pkg']
[1.418s] Level 1:colcon.colcon_core.package_identification:_identify(src) by extension 'colcon_pkg'
[1.418s] Level 1:colcon.colcon_core.package_identification:_identify(src) by extensions ['colcon_meta']
[1.418s] Level 1:colcon.colcon_core.package_identification:_identify(src) by extension 'colcon_meta'
[1.418s] Level 1:colcon.colcon_core.package_identification:_identify(src) by extensions ['ros']
[1.418s] Level 1:colcon.colcon_core.package_identification:_identify(src) by extension 'ros'
[1.418s] Level 1:colcon.colcon_core.package_identification:_identify(src) by extensions ['cmake', 'python']
[1.418s] Level 1:colcon.colcon_core.package_identification:_identify(src) by extension 'cmake'
[1.419s] Level 1:colcon.colcon_core.package_identification:_identify(src) by extension 'python'
[1.419s] Level 1:colcon.colcon_core.package_identification:_identify(src) by extensions ['python_setup_py']
[1.419s] Level 1:colcon.colcon_core.package_identification:_identify(src) by extension 'python_setup_py'
[1.419s] Level 1:colcon.colcon_core.package_identification:_identify(src/package) by extensions ['ignore', 'ignore_ament_install']
[1.419s] Level 1:colcon.colcon_core.package_identification:_identify(src/package) by extension 'ignore'
[1.419s] Level 1:colcon.colcon_core.package_identification:_identify(src/package) by extension 'ignore_ament_install'
[1.419s] Level 1:colcon.colcon_core.package_identification:_identify(src/package) by extensions ['colcon_pkg']
[1.419s] Level 1:colcon.colcon_core.package_identification:_identify(src/package) by extension 'colcon_pkg'
[1.419s] Level 1:colcon.colcon_core.package_identification:_identify(src/package) by extensions ['colcon_meta']
[1.420s] Level 1:colcon.colcon_core.package_identification:_identify(src/package) by extension 'colcon_meta'
[1.420s] Level 1:colcon.colcon_core.package_identification:_identify(src/package) by extensions ['ros']
[1.420s] Level 1:colcon.colcon_core.package_identification:_identify(src/package) by extension 'ros'
[1.433s] DEBUG:colcon.colcon_core.package_identification:Package 'src/package' with type 'ros.ament_python' and name 'package'
[1.433s] Level 1:colcon.colcon_core.package_discovery:discover_packages(recursive) using defaults
[1.434s] Level 1:colcon.colcon_core.package_discovery:discover_packages(ignore) discover
[1.434s] Level 1:colcon.colcon_core.package_discovery:discover_packages(ignore) using defaults
[1.434s] Level 1:colcon.colcon_core.package_discovery:discover_packages(path) discover
[1.434s] Level 1:colcon.colcon_core.package_discovery:discover_packages(path) using defaults
[1.532s] Level 1:colcon.colcon_core.package_discovery:discover_packages(prefix_path) check parameters
[1.533s] Level 1:colcon.colcon_core.package_discovery:discover_packages(prefix_path) discover
[1.550s] DEBUG:colcon.colcon_installed_package_information.package_discovery:Found 1 installed packages in /home/mo3az/RosProject/install
[1.564s] DEBUG:colcon.colcon_installed_package_information.package_discovery:Found 271 installed packages in /opt/ros/humble
[1.582s] Level 1:colcon.colcon_core.package_discovery:discover_packages(prefix_path) using defaults
[1.824s] Level 5:colcon.colcon_core.verb:set package 'package' build argument 'cmake_args' from command line to 'None'
[1.824s] Level 5:colcon.colcon_core.verb:set package 'package' build argument 'cmake_target' from command line to 'None'
[1.825s] Level 5:colcon.colcon_core.verb:set package 'package' build argument 'cmake_target_skip_unavailable' from command line to 'False'
[1.825s] Level 5:colcon.colcon_core.verb:set package 'package' build argument 'cmake_clean_cache' from command line to 'False'
[1.825s] Level 5:colcon.colcon_core.verb:set package 'package' build argument 'cmake_clean_first' from command line to 'False'
[1.825s] Level 5:colcon.colcon_core.verb:set package 'package' build argument 'cmake_force_configure' from command line to 'False'
[1.826s] Level 5:colcon.colcon_core.verb:set package 'package' build argument 'ament_cmake_args' from command line to 'None'
[1.826s] Level 5:colcon.colcon_core.verb:set package 'package' build argument 'catkin_cmake_args' from command line to 'None'
[1.826s] Level 5:colcon.colcon_core.verb:set package 'package' build argument 'catkin_skip_building_tests' from command line to 'False'
[1.826s] DEBUG:colcon.colcon_core.verb:Building package 'package' with the following arguments: {'ament_cmake_args': None, 'build_base': '/home/mo3az/RosProject/build/package', 'catkin_cmake_args': None, 'catkin_skip_building_tests': False, 'cmake_args': None, 'cmake_clean_cache': False, 'cmake_clean_first': False, 'cmake_force_configure': False, 'cmake_target': None, 'cmake_target_skip_unavailable': False, 'install_base': '/home/mo3az/RosProject/install/package', 'merge_install': False, 'path': '/home/mo3az/RosProject/src/package', 'symlink_install': False, 'test_result_base': None}
[1.827s] INFO:colcon.colcon_core.executor:Executing jobs using 'parallel' executor
[1.830s] DEBUG:colcon.colcon_parallel_executor.executor.parallel:run_until_complete
[1.830s] INFO:colcon.colcon_ros.task.ament_python.build:Building ROS package in '/home/mo3az/RosProject/src/package' with build type 'ament_python'
[1.831s] Level 1:colcon.colcon_core.shell:create_environment_hook('package', 'ament_prefix_path')
[1.839s] INFO:colcon.colcon_core.plugin_system:Skipping extension 'colcon_core.shell.bat': Not used on non-Windows systems
[1.840s] INFO:colcon.colcon_core.shell:Creating environment hook '/home/mo3az/RosProject/install/package/share/package/hook/ament_prefix_path.ps1'
[1.843s] INFO:colcon.colcon_core.shell:Creating environment descriptor '/home/mo3az/RosProject/install/package/share/package/hook/ament_prefix_path.dsv'
[1.846s] INFO:colcon.colcon_core.shell:Creating environment hook '/home/mo3az/RosProject/install/package/share/package/hook/ament_prefix_path.sh'
[1.848s] INFO:colcon.colcon_core.shell:Skip shell extension 'powershell' for command environment: Not usable outside of PowerShell
[1.848s] DEBUG:colcon.colcon_core.shell:Skip shell extension 'dsv' for command environment
[2.815s] INFO:colcon.colcon_core.task.python.build:Building Python package in '/home/mo3az/RosProject/src/package'
[2.815s] INFO:colcon.colcon_core.shell:Skip shell extension 'powershell' for command environment: Not usable outside of PowerShell
[2.816s] DEBUG:colcon.colcon_core.shell:Skip shell extension 'dsv' for command environment
[4.852s] DEBUG:colcon.colcon_core.event_handler.log_command:Invoking command in '/home/mo3az/RosProject/src/package': PYTHONPATH=/home/mo3az/RosProject/build/package/prefix_override:/usr/lib/python3/dist-packages/colcon_core/task/python/colcon_distutils_commands:/home/mo3az/RosProject/install/package/lib/python3.10/site-packages:${PYTHONPATH} /usr/bin/python3 -W ignore:setup.py install is deprecated -W ignore:easy_install command is deprecated setup.py egg_info --egg-base ../../build/package build --build-base /home/mo3az/RosProject/build/package/build install --record /home/mo3az/RosProject/build/package/install.log --single-version-externally-managed install_data
[5.833s] DEBUG:colcon.colcon_core.event_handler.log_command:Invoked command in '/home/mo3az/RosProject/src/package' returned '0': PYTHONPATH=/home/mo3az/RosProject/build/package/prefix_override:/usr/lib/python3/dist-packages/colcon_core/task/python/colcon_distutils_commands:/home/mo3az/RosProject/install/package/lib/python3.10/site-packages:${PYTHONPATH} /usr/bin/python3 -W ignore:setup.py install is deprecated -W ignore:easy_install command is deprecated setup.py egg_info --egg-base ../../build/package build --build-base /home/mo3az/RosProject/build/package/build install --record /home/mo3az/RosProject/build/package/install.log --single-version-externally-managed install_data
[5.836s] Level 1:colcon.colcon_core.environment:checking '/home/mo3az/RosProject/install/package' for CMake module files
[5.838s] Level 1:colcon.colcon_core.environment:checking '/home/mo3az/RosProject/install/package' for CMake config files
[5.840s] Level 1:colcon.colcon_core.environment:checking '/home/mo3az/RosProject/install/package/lib'
[5.841s] Level 1:colcon.colcon_core.environment:checking '/home/mo3az/RosProject/install/package/bin'
[5.841s] Level 1:colcon.colcon_core.environment:checking '/home/mo3az/RosProject/install/package/lib/pkgconfig/package.pc'
[5.842s] Level 1:colcon.colcon_core.environment:checking '/home/mo3az/RosProject/install/package/lib/python3.10/site-packages'
[5.842s] Level 1:colcon.colcon_core.shell:create_environment_hook('package', 'pythonpath')
[5.843s] INFO:colcon.colcon_core.shell:Creating environment hook '/home/mo3az/RosProject/install/package/share/package/hook/pythonpath.ps1'
[5.845s] INFO:colcon.colcon_core.shell:Creating environment descriptor '/home/mo3az/RosProject/install/package/share/package/hook/pythonpath.dsv'
[5.846s] INFO:colcon.colcon_core.shell:Creating environment hook '/home/mo3az/RosProject/install/package/share/package/hook/pythonpath.sh'
[5.848s] Level 1:colcon.colcon_core.environment:checking '/home/mo3az/RosProject/install/package/bin'
[5.848s] Level 1:colcon.colcon_core.environment:create_environment_scripts_only(package)
[5.850s] INFO:colcon.colcon_core.shell:Creating package script '/home/mo3az/RosProject/install/package/share/package/package.ps1'
[5.853s] INFO:colcon.colcon_core.shell:Creating package descriptor '/home/mo3az/RosProject/install/package/share/package/package.dsv'
[5.855s] INFO:colcon.colcon_core.shell:Creating package script '/home/mo3az/RosProject/install/package/share/package/package.sh'
[5.859s] INFO:colcon.colcon_core.shell:Creating package script '/home/mo3az/RosProject/install/package/share/package/package.bash'
[5.861s] INFO:colcon.colcon_core.shell:Creating package script '/home/mo3az/RosProject/install/package/share/package/package.zsh'
[5.863s] Level 1:colcon.colcon_core.environment:create_file_with_runtime_dependencies(/home/mo3az/RosProject/install/package/share/colcon-core/packages/package)
[5.863s] DEBUG:colcon.colcon_parallel_executor.executor.parallel:closing loop
[5.865s] DEBUG:colcon.colcon_parallel_executor.executor.parallel:loop closed
[5.866s] DEBUG:colcon.colcon_parallel_executor.executor.parallel:run_until_complete finished with '0'
[5.866s] DEBUG:colcon.colcon_core.event_reactor:joining thread
[6.328s] INFO:colcon.colcon_core.plugin_system:Skipping extension 'colcon_notification.desktop_notification.notify_send': Could not find 'notify-send'
[6.328s] INFO:colcon.colcon_core.plugin_system:Skipping extension 'colcon_notification.desktop_notification.terminal_notifier': Not used on non-Darwin systems
[6.329s] INFO:colcon.colcon_core.plugin_system:Skipping extension 'colcon_notification.desktop_notification.win32': Not used on non-Windows systems
[6.329s] INFO:colcon.colcon_notification.desktop_notification:Sending desktop notification using 'notify2'
[6.363s] DEBUG:colcon.colcon_notification.desktop_notification.notify2:Failed to initialize notify2: org.freedesktop.DBus.Error.FileNotFound: Failed to connect to socket /run/user/1000/bus: No such file or directory
[6.363s] DEBUG:colcon.colcon_core.event_reactor:joined thread
[6.364s] INFO:colcon.colcon_core.shell:Creating prefix script '/home/mo3az/RosProject/install/local_setup.ps1'
[6.366s] INFO:colcon.colcon_core.shell:Creating prefix util module '/home/mo3az/RosProject/install/_local_setup_util_ps1.py'
[6.371s] INFO:colcon.colcon_core.shell:Creating prefix chain script '/home/mo3az/RosProject/install/setup.ps1'
[6.373s] INFO:colcon.colcon_core.shell:Creating prefix script '/home/mo3az/RosProject/install/local_setup.sh'
[6.374s] INFO:colcon.colcon_core.shell:Creating prefix util module '/home/mo3az/RosProject/install/_local_setup_util_sh.py'
[6.378s] INFO:colcon.colcon_core.shell:Creating prefix chain script '/home/mo3az/RosProject/install/setup.sh'
[6.380s] INFO:colcon.colcon_core.shell:Creating prefix script '/home/mo3az/RosProject/install/local_setup.bash'
[6.382s] INFO:colcon.colcon_core.shell:Creating prefix chain script '/home/mo3az/RosProject/install/setup.bash'
[6.385s] INFO:colcon.colcon_core.shell:Creating prefix script '/home/mo3az/RosProject/install/local_setup.zsh'
[6.387s] INFO:colcon.colcon_core.shell:Creating prefix chain script '/home/mo3az/RosProject/install/setup.zsh'
