[6.857s] DEBUG:colcon:Command line arguments: ['/usr/bin/colcon', 'build']
[6.858s] DEBUG:colcon:Parsed command line arguments: Namespace(log_base=None, log_level=None, verb_name='build', build_base='build', install_base='install', merge_install=False, symlink_install=False, test_result_base=None, continue_on_error=False, executor='parallel', parallel_workers=4, event_handlers=None, ignore_user_meta=False, metas=['./colcon.meta'], base_paths=['.'], packages_ignore=None, packages_ignore_regex=None, paths=None, packages_up_to=None, packages_up_to_regex=None, packages_above=None, packages_above_and_dependencies=None, packages_above_depth=None, packages_select_by_dep=None, packages_skip_by_dep=None, packages_skip_up_to=None, packages_select_build_failed=False, packages_skip_build_finished=False, packages_select_test_failures=False, packages_skip_test_passed=False, packages_select=None, packages_skip=None, packages_select_regex=None, packages_skip_regex=None, packages_start=None, packages_end=None, allow_overriding=[], cmake_args=None, cmake_target=None, cmake_target_skip_unavailable=False, cmake_clean_cache=False, cmake_clean_first=False, cmake_force_configure=False, ament_cmake_args=None, catkin_cmake_args=None, catkin_skip_building_tests=False, verb_parser=<colcon_defaults.argument_parser.defaults.DefaultArgumentsDecorator object at 0x78beda137250>, verb_extension=<colcon_core.verb.build.BuildVerb object at 0x78beda136230>, main=<bound method BuildVerb.main of <colcon_core.verb.build.BuildVerb object at 0x78beda136230>>)
[9.998s] Level 1:colcon.colcon_core.package_discovery:discover_packages(colcon_meta) check parameters
[9.998s] Level 1:colcon.colcon_core.package_discovery:discover_packages(recursive) check parameters
[9.998s] Level 1:colcon.colcon_core.package_discovery:discover_packages(ignore) check parameters
[9.998s] Level 1:colcon.colcon_core.package_discovery:discover_packages(path) check parameters
[9.998s] Level 1:colcon.colcon_core.package_discovery:discover_packages(colcon_meta) discover
[9.999s] Level 1:colcon.colcon_core.package_discovery:discover_packages(recursive) discover
[9.999s] INFO:colcon.colcon_core.package_discovery:Crawling recursively for packages in '/home/mo3az/RosProject'
[9.999s] Level 1:colcon.colcon_core.package_identification:_identify(.) by extensions ['ignore', 'ignore_ament_install']
[9.999s] Level 1:colcon.colcon_core.package_identification:_identify(.) by extension 'ignore'
[10.000s] Level 1:colcon.colcon_core.package_identification:_identify(.) by extension 'ignore_ament_install'
[10.000s] Level 1:colcon.colcon_core.package_identification:_identify(.) by extensions ['colcon_pkg']
[10.000s] Level 1:colcon.colcon_core.package_identification:_identify(.) by extension 'colcon_pkg'
[10.000s] Level 1:colcon.colcon_core.package_identification:_identify(.) by extensions ['colcon_meta']
[10.000s] Level 1:colcon.colcon_core.package_identification:_identify(.) by extension 'colcon_meta'
[10.001s] Level 1:colcon.colcon_core.package_identification:_identify(.) by extensions ['ros']
[10.001s] Level 1:colcon.colcon_core.package_identification:_identify(.) by extension 'ros'
[10.278s] Level 1:colcon.colcon_core.package_identification:_identify(.) by extensions ['cmake', 'python']
[10.278s] Level 1:colcon.colcon_core.package_identification:_identify(.) by extension 'cmake'
[10.278s] Level 1:colcon.colcon_core.package_identification:_identify(.) by extension 'python'
[10.279s] Level 1:colcon.colcon_core.package_identification:_identify(.) by extensions ['python_setup_py']
[10.279s] Level 1:colcon.colcon_core.package_identification:_identify(.) by extension 'python_setup_py'
[10.279s] Level 1:colcon.colcon_core.package_identification:_identify(build) by extensions ['ignore', 'ignore_ament_install']
[10.279s] Level 1:colcon.colcon_core.package_identification:_identify(build) by extension 'ignore'
[10.279s] Level 1:colcon.colcon_core.package_identification:_identify(build) ignored
[10.280s] Level 1:colcon.colcon_core.package_identification:_identify(install) by extensions ['ignore', 'ignore_ament_install']
[10.280s] Level 1:colcon.colcon_core.package_identification:_identify(install) by extension 'ignore'
[10.280s] Level 1:colcon.colcon_core.package_identification:_identify(install) ignored
[10.280s] Level 1:colcon.colcon_core.package_identification:_identify(log) by extensions ['ignore', 'ignore_ament_install']
[10.281s] Level 1:colcon.colcon_core.package_identification:_identify(log) by extension 'ignore'
[10.281s] Level 1:colcon.colcon_core.package_identification:_identify(log) ignored
[10.281s] Level 1:colcon.colcon_core.package_identification:_identify(src) by extensions ['ignore', 'ignore_ament_install']
[10.282s] Level 1:colcon.colcon_core.package_identification:_identify(src) by extension 'ignore'
[10.282s] Level 1:colcon.colcon_core.package_identification:_identify(src) by extension 'ignore_ament_install'
[10.282s] Level 1:colcon.colcon_core.package_identification:_identify(src) by extensions ['colcon_pkg']
[10.283s] Level 1:colcon.colcon_core.package_identification:_identify(src) by extension 'colcon_pkg'
[10.283s] Level 1:colcon.colcon_core.package_identification:_identify(src) by extensions ['colcon_meta']
[10.283s] Level 1:colcon.colcon_core.package_identification:_identify(src) by extension 'colcon_meta'
[10.283s] Level 1:colcon.colcon_core.package_identification:_identify(src) by extensions ['ros']
[10.283s] Level 1:colcon.colcon_core.package_identification:_identify(src) by extension 'ros'
[10.284s] Level 1:colcon.colcon_core.package_identification:_identify(src) by extensions ['cmake', 'python']
[10.284s] Level 1:colcon.colcon_core.package_identification:_identify(src) by extension 'cmake'
[10.284s] Level 1:colcon.colcon_core.package_identification:_identify(src) by extension 'python'
[10.284s] Level 1:colcon.colcon_core.package_identification:_identify(src) by extensions ['python_setup_py']
[10.285s] Level 1:colcon.colcon_core.package_identification:_identify(src) by extension 'python_setup_py'
[10.285s] Level 1:colcon.colcon_core.package_identification:_identify(src/package) by extensions ['ignore', 'ignore_ament_install']
[10.286s] Level 1:colcon.colcon_core.package_identification:_identify(src/package) by extension 'ignore'
[10.289s] Level 1:colcon.colcon_core.package_identification:_identify(src/package) by extension 'ignore_ament_install'
[10.292s] Level 1:colcon.colcon_core.package_identification:_identify(src/package) by extensions ['colcon_pkg']
[10.292s] Level 1:colcon.colcon_core.package_identification:_identify(src/package) by extension 'colcon_pkg'
[10.293s] Level 1:colcon.colcon_core.package_identification:_identify(src/package) by extensions ['colcon_meta']
[10.293s] Level 1:colcon.colcon_core.package_identification:_identify(src/package) by extension 'colcon_meta'
[10.293s] Level 1:colcon.colcon_core.package_identification:_identify(src/package) by extensions ['ros']
[10.293s] Level 1:colcon.colcon_core.package_identification:_identify(src/package) by extension 'ros'
[10.768s] DEBUG:colcon.colcon_core.package_identification:Package 'src/package' with type 'ros.ament_python' and name 'package'
[10.769s] Level 1:colcon.colcon_core.package_discovery:discover_packages(recursive) using defaults
[10.769s] Level 1:colcon.colcon_core.package_discovery:discover_packages(ignore) discover
[10.769s] Level 1:colcon.colcon_core.package_discovery:discover_packages(ignore) using defaults
[10.769s] Level 1:colcon.colcon_core.package_discovery:discover_packages(path) discover
[10.769s] Level 1:colcon.colcon_core.package_discovery:discover_packages(path) using defaults
[11.711s] Level 1:colcon.colcon_core.package_discovery:discover_packages(prefix_path) check parameters
[11.712s] Level 1:colcon.colcon_core.package_discovery:discover_packages(prefix_path) discover
[11.844s] DEBUG:colcon.colcon_installed_package_information.package_discovery:Found 1 installed packages in /home/mo3az/RosProject/install
[11.912s] DEBUG:colcon.colcon_installed_package_information.package_discovery:Found 271 installed packages in /opt/ros/humble
[11.929s] Level 1:colcon.colcon_core.package_discovery:discover_packages(prefix_path) using defaults
[14.020s] Level 5:colcon.colcon_core.verb:set package 'package' build argument 'cmake_args' from command line to 'None'
[14.020s] Level 5:colcon.colcon_core.verb:set package 'package' build argument 'cmake_target' from command line to 'None'
[14.021s] Level 5:colcon.colcon_core.verb:set package 'package' build argument 'cmake_target_skip_unavailable' from command line to 'False'
[14.021s] Level 5:colcon.colcon_core.verb:set package 'package' build argument 'cmake_clean_cache' from command line to 'False'
[14.021s] Level 5:colcon.colcon_core.verb:set package 'package' build argument 'cmake_clean_first' from command line to 'False'
[14.021s] Level 5:colcon.colcon_core.verb:set package 'package' build argument 'cmake_force_configure' from command line to 'False'
[14.021s] Level 5:colcon.colcon_core.verb:set package 'package' build argument 'ament_cmake_args' from command line to 'None'
[14.021s] Level 5:colcon.colcon_core.verb:set package 'package' build argument 'catkin_cmake_args' from command line to 'None'
[14.021s] Level 5:colcon.colcon_core.verb:set package 'package' build argument 'catkin_skip_building_tests' from command line to 'False'
[14.021s] DEBUG:colcon.colcon_core.verb:Building package 'package' with the following arguments: {'ament_cmake_args': None, 'build_base': '/home/mo3az/RosProject/build/package', 'catkin_cmake_args': None, 'catkin_skip_building_tests': False, 'cmake_args': None, 'cmake_clean_cache': False, 'cmake_clean_first': False, 'cmake_force_configure': False, 'cmake_target': None, 'cmake_target_skip_unavailable': False, 'install_base': '/home/mo3az/RosProject/install/package', 'merge_install': False, 'path': '/home/mo3az/RosProject/src/package', 'symlink_install': False, 'test_result_base': None}
[14.022s] INFO:colcon.colcon_core.executor:Executing jobs using 'parallel' executor
[14.151s] DEBUG:colcon.colcon_parallel_executor.executor.parallel:run_until_complete
[14.186s] INFO:colcon.colcon_ros.task.ament_python.build:Building ROS package in '/home/mo3az/RosProject/src/package' with build type 'ament_python'
[14.187s] Level 1:colcon.colcon_core.shell:create_environment_hook('package', 'ament_prefix_path')
[14.277s] INFO:colcon.colcon_core.plugin_system:Skipping extension 'colcon_core.shell.bat': Not used on non-Windows systems
[14.278s] INFO:colcon.colcon_core.shell:Creating environment hook '/home/mo3az/RosProject/install/package/share/package/hook/ament_prefix_path.ps1'
[14.316s] INFO:colcon.colcon_core.shell:Creating environment descriptor '/home/mo3az/RosProject/install/package/share/package/hook/ament_prefix_path.dsv'
[14.323s] INFO:colcon.colcon_core.shell:Creating environment hook '/home/mo3az/RosProject/install/package/share/package/hook/ament_prefix_path.sh'
[14.334s] INFO:colcon.colcon_core.shell:Skip shell extension 'powershell' for command environment: Not usable outside of PowerShell
[14.334s] DEBUG:colcon.colcon_core.shell:Skip shell extension 'dsv' for command environment
[16.557s] INFO:colcon.colcon_core.task.python.build:Building Python package in '/home/mo3az/RosProject/src/package'
[16.558s] INFO:colcon.colcon_core.shell:Skip shell extension 'powershell' for command environment: Not usable outside of PowerShell
[16.558s] DEBUG:colcon.colcon_core.shell:Skip shell extension 'dsv' for command environment
[23.030s] DEBUG:colcon.colcon_core.event_handler.log_command:Invoking command in '/home/mo3az/RosProject/src/package': PYTHONPATH=/home/mo3az/RosProject/build/package/prefix_override:/usr/lib/python3/dist-packages/colcon_core/task/python/colcon_distutils_commands:/home/mo3az/RosProject/install/package/lib/python3.10/site-packages:${PYTHONPATH} /usr/bin/python3 -W ignore:setup.py install is deprecated -W ignore:easy_install command is deprecated setup.py egg_info --egg-base ../../build/package build --build-base /home/mo3az/RosProject/build/package/build install --record /home/mo3az/RosProject/build/package/install.log --single-version-externally-managed install_data
[25.762s] DEBUG:colcon.colcon_core.event_handler.log_command:Invoked command in '/home/mo3az/RosProject/src/package' returned '0': PYTHONPATH=/home/mo3az/RosProject/build/package/prefix_override:/usr/lib/python3/dist-packages/colcon_core/task/python/colcon_distutils_commands:/home/mo3az/RosProject/install/package/lib/python3.10/site-packages:${PYTHONPATH} /usr/bin/python3 -W ignore:setup.py install is deprecated -W ignore:easy_install command is deprecated setup.py egg_info --egg-base ../../build/package build --build-base /home/mo3az/RosProject/build/package/build install --record /home/mo3az/RosProject/build/package/install.log --single-version-externally-managed install_data
[25.856s] Level 1:colcon.colcon_core.environment:checking '/home/mo3az/RosProject/install/package' for CMake module files
[25.857s] Level 1:colcon.colcon_core.environment:checking '/home/mo3az/RosProject/install/package' for CMake config files
[25.858s] Level 1:colcon.colcon_core.environment:checking '/home/mo3az/RosProject/install/package/lib'
[25.858s] Level 1:colcon.colcon_core.environment:checking '/home/mo3az/RosProject/install/package/bin'
[25.859s] Level 1:colcon.colcon_core.environment:checking '/home/mo3az/RosProject/install/package/lib/pkgconfig/package.pc'
[25.859s] Level 1:colcon.colcon_core.environment:checking '/home/mo3az/RosProject/install/package/lib/python3.10/site-packages'
[25.859s] Level 1:colcon.colcon_core.shell:create_environment_hook('package', 'pythonpath')
[25.860s] INFO:colcon.colcon_core.shell:Creating environment hook '/home/mo3az/RosProject/install/package/share/package/hook/pythonpath.ps1'
[25.903s] INFO:colcon.colcon_core.shell:Creating environment descriptor '/home/mo3az/RosProject/install/package/share/package/hook/pythonpath.dsv'
[25.954s] INFO:colcon.colcon_core.shell:Creating environment hook '/home/mo3az/RosProject/install/package/share/package/hook/pythonpath.sh'
[25.957s] Level 1:colcon.colcon_core.environment:checking '/home/mo3az/RosProject/install/package/bin'
[25.958s] Level 1:colcon.colcon_core.environment:create_environment_scripts_only(package)
[25.959s] INFO:colcon.colcon_core.shell:Creating package script '/home/mo3az/RosProject/install/package/share/package/package.ps1'
[25.970s] INFO:colcon.colcon_core.shell:Creating package descriptor '/home/mo3az/RosProject/install/package/share/package/package.dsv'
[26.003s] INFO:colcon.colcon_core.shell:Creating package script '/home/mo3az/RosProject/install/package/share/package/package.sh'
[26.025s] INFO:colcon.colcon_core.shell:Creating package script '/home/mo3az/RosProject/install/package/share/package/package.bash'
[26.096s] INFO:colcon.colcon_core.shell:Creating package script '/home/mo3az/RosProject/install/package/share/package/package.zsh'
[26.170s] Level 1:colcon.colcon_core.environment:create_file_with_runtime_dependencies(/home/mo3az/RosProject/install/package/share/colcon-core/packages/package)
[26.171s] DEBUG:colcon.colcon_parallel_executor.executor.parallel:closing loop
[26.171s] DEBUG:colcon.colcon_parallel_executor.executor.parallel:loop closed
[26.171s] DEBUG:colcon.colcon_parallel_executor.executor.parallel:run_until_complete finished with '0'
[26.172s] DEBUG:colcon.colcon_core.event_reactor:joining thread
[27.457s] INFO:colcon.colcon_core.plugin_system:Skipping extension 'colcon_notification.desktop_notification.notify_send': Could not find 'notify-send'
[27.458s] INFO:colcon.colcon_core.plugin_system:Skipping extension 'colcon_notification.desktop_notification.terminal_notifier': Not used on non-Darwin systems
[27.458s] INFO:colcon.colcon_core.plugin_system:Skipping extension 'colcon_notification.desktop_notification.win32': Not used on non-Windows systems
[27.458s] INFO:colcon.colcon_notification.desktop_notification:Sending desktop notification using 'notify2'
[27.686s] DEBUG:colcon.colcon_notification.desktop_notification.notify2:Failed to initialize notify2: org.freedesktop.DBus.Error.FileNotFound: Failed to connect to socket /run/user/1000/bus: No such file or directory
[27.687s] DEBUG:colcon.colcon_core.event_reactor:joined thread
[27.687s] INFO:colcon.colcon_core.shell:Creating prefix script '/home/mo3az/RosProject/install/local_setup.ps1'
[27.690s] INFO:colcon.colcon_core.shell:Creating prefix util module '/home/mo3az/RosProject/install/_local_setup_util_ps1.py'
[27.753s] INFO:colcon.colcon_core.shell:Creating prefix chain script '/home/mo3az/RosProject/install/setup.ps1'
[27.819s] INFO:colcon.colcon_core.shell:Creating prefix script '/home/mo3az/RosProject/install/local_setup.sh'
[28.013s] INFO:colcon.colcon_core.shell:Creating prefix util module '/home/mo3az/RosProject/install/_local_setup_util_sh.py'
[28.015s] INFO:colcon.colcon_core.shell:Creating prefix chain script '/home/mo3az/RosProject/install/setup.sh'
[28.017s] INFO:colcon.colcon_core.shell:Creating prefix script '/home/mo3az/RosProject/install/local_setup.bash'
[28.064s] INFO:colcon.colcon_core.shell:Creating prefix chain script '/home/mo3az/RosProject/install/setup.bash'
[28.068s] INFO:colcon.colcon_core.shell:Creating prefix script '/home/mo3az/RosProject/install/local_setup.zsh'
[28.073s] INFO:colcon.colcon_core.shell:Creating prefix chain script '/home/mo3az/RosProject/install/setup.zsh'
