[1.582s] DEBUG:colcon:Command line arguments: ['/usr/bin/colcon', 'build']
[1.582s] DEBUG:colcon:Parsed command line arguments: Namespace(log_base=None, log_level=None, verb_name='build', build_base='build', install_base='install', merge_install=False, symlink_install=False, test_result_base=None, continue_on_error=False, executor='parallel', parallel_workers=4, event_handlers=None, ignore_user_meta=False, metas=['./colcon.meta'], base_paths=['.'], packages_ignore=None, packages_ignore_regex=None, paths=None, packages_up_to=None, packages_up_to_regex=None, packages_above=None, packages_above_and_dependencies=None, packages_above_depth=None, packages_select_by_dep=None, packages_skip_by_dep=None, packages_skip_up_to=None, packages_select_build_failed=False, packages_skip_build_finished=False, packages_select_test_failures=False, packages_skip_test_passed=False, packages_select=None, packages_skip=None, packages_select_regex=None, packages_skip_regex=None, packages_start=None, packages_end=None, allow_overriding=[], cmake_args=None, cmake_target=None, cmake_target_skip_unavailable=False, cmake_clean_cache=False, cmake_clean_first=False, cmake_force_configure=False, ament_cmake_args=None, catkin_cmake_args=None, catkin_skip_building_tests=False, verb_parser=<colcon_defaults.argument_parser.defaults.DefaultArgumentsDecorator object at 0x77fb1f31f160>, verb_extension=<colcon_core.verb.build.BuildVerb object at 0x77fb1f31e140>, main=<bound method BuildVerb.main of <colcon_core.verb.build.BuildVerb object at 0x77fb1f31e140>>)
[2.749s] Level 1:colcon.colcon_core.package_discovery:discover_packages(colcon_meta) check parameters
[2.749s] Level 1:colcon.colcon_core.package_discovery:discover_packages(recursive) check parameters
[2.750s] Level 1:colcon.colcon_core.package_discovery:discover_packages(ignore) check parameters
[2.750s] Level 1:colcon.colcon_core.package_discovery:discover_packages(path) check parameters
[2.750s] Level 1:colcon.colcon_core.package_discovery:discover_packages(colcon_meta) discover
[2.750s] Level 1:colcon.colcon_core.package_discovery:discover_packages(recursive) discover
[2.750s] INFO:colcon.colcon_core.package_discovery:Crawling recursively for packages in '/home/mo3az/RosProject'
[2.750s] Level 1:colcon.colcon_core.package_identification:_identify(.) by extensions ['ignore', 'ignore_ament_install']
[2.750s] Level 1:colcon.colcon_core.package_identification:_identify(.) by extension 'ignore'
[2.750s] Level 1:colcon.colcon_core.package_identification:_identify(.) by extension 'ignore_ament_install'
[2.751s] Level 1:colcon.colcon_core.package_identification:_identify(.) by extensions ['colcon_pkg']
[2.751s] Level 1:colcon.colcon_core.package_identification:_identify(.) by extension 'colcon_pkg'
[2.751s] Level 1:colcon.colcon_core.package_identification:_identify(.) by extensions ['colcon_meta']
[2.751s] Level 1:colcon.colcon_core.package_identification:_identify(.) by extension 'colcon_meta'
[2.751s] Level 1:colcon.colcon_core.package_identification:_identify(.) by extensions ['ros']
[2.751s] Level 1:colcon.colcon_core.package_identification:_identify(.) by extension 'ros'
[2.886s] Level 1:colcon.colcon_core.package_identification:_identify(.) by extensions ['cmake', 'python']
[2.886s] Level 1:colcon.colcon_core.package_identification:_identify(.) by extension 'cmake'
[2.887s] Level 1:colcon.colcon_core.package_identification:_identify(.) by extension 'python'
[2.887s] Level 1:colcon.colcon_core.package_identification:_identify(.) by extensions ['python_setup_py']
[2.887s] Level 1:colcon.colcon_core.package_identification:_identify(.) by extension 'python_setup_py'
[2.887s] Level 1:colcon.colcon_core.package_identification:_identify(build) by extensions ['ignore', 'ignore_ament_install']
[2.888s] Level 1:colcon.colcon_core.package_identification:_identify(build) by extension 'ignore'
[2.888s] Level 1:colcon.colcon_core.package_identification:_identify(build) ignored
[2.888s] Level 1:colcon.colcon_core.package_identification:_identify(install) by extensions ['ignore', 'ignore_ament_install']
[2.889s] Level 1:colcon.colcon_core.package_identification:_identify(install) by extension 'ignore'
[2.889s] Level 1:colcon.colcon_core.package_identification:_identify(install) ignored
[2.889s] Level 1:colcon.colcon_core.package_identification:_identify(log) by extensions ['ignore', 'ignore_ament_install']
[2.889s] Level 1:colcon.colcon_core.package_identification:_identify(log) by extension 'ignore'
[2.889s] Level 1:colcon.colcon_core.package_identification:_identify(log) ignored
[2.890s] Level 1:colcon.colcon_core.package_identification:_identify(src) by extensions ['ignore', 'ignore_ament_install']
[2.890s] Level 1:colcon.colcon_core.package_identification:_identify(src) by extension 'ignore'
[2.890s] Level 1:colcon.colcon_core.package_identification:_identify(src) by extension 'ignore_ament_install'
[2.890s] Level 1:colcon.colcon_core.package_identification:_identify(src) by extensions ['colcon_pkg']
[2.890s] Level 1:colcon.colcon_core.package_identification:_identify(src) by extension 'colcon_pkg'
[2.890s] Level 1:colcon.colcon_core.package_identification:_identify(src) by extensions ['colcon_meta']
[2.890s] Level 1:colcon.colcon_core.package_identification:_identify(src) by extension 'colcon_meta'
[2.891s] Level 1:colcon.colcon_core.package_identification:_identify(src) by extensions ['ros']
[2.891s] Level 1:colcon.colcon_core.package_identification:_identify(src) by extension 'ros'
[2.891s] Level 1:colcon.colcon_core.package_identification:_identify(src) by extensions ['cmake', 'python']
[2.891s] Level 1:colcon.colcon_core.package_identification:_identify(src) by extension 'cmake'
[2.891s] Level 1:colcon.colcon_core.package_identification:_identify(src) by extension 'python'
[2.891s] Level 1:colcon.colcon_core.package_identification:_identify(src) by extensions ['python_setup_py']
[2.891s] Level 1:colcon.colcon_core.package_identification:_identify(src) by extension 'python_setup_py'
[2.891s] Level 1:colcon.colcon_core.package_identification:_identify(src/package) by extensions ['ignore', 'ignore_ament_install']
[2.892s] Level 1:colcon.colcon_core.package_identification:_identify(src/package) by extension 'ignore'
[2.892s] Level 1:colcon.colcon_core.package_identification:_identify(src/package) by extension 'ignore_ament_install'
[2.892s] Level 1:colcon.colcon_core.package_identification:_identify(src/package) by extensions ['colcon_pkg']
[2.892s] Level 1:colcon.colcon_core.package_identification:_identify(src/package) by extension 'colcon_pkg'
[2.892s] Level 1:colcon.colcon_core.package_identification:_identify(src/package) by extensions ['colcon_meta']
[2.892s] Level 1:colcon.colcon_core.package_identification:_identify(src/package) by extension 'colcon_meta'
[2.893s] Level 1:colcon.colcon_core.package_identification:_identify(src/package) by extensions ['ros']
[2.893s] Level 1:colcon.colcon_core.package_identification:_identify(src/package) by extension 'ros'
[3.008s] DEBUG:colcon.colcon_core.package_identification:Package 'src/package' with type 'ros.ament_python' and name 'package'
[3.008s] Level 1:colcon.colcon_core.package_discovery:discover_packages(recursive) using defaults
[3.008s] Level 1:colcon.colcon_core.package_discovery:discover_packages(ignore) discover
[3.008s] Level 1:colcon.colcon_core.package_discovery:discover_packages(ignore) using defaults
[3.008s] Level 1:colcon.colcon_core.package_discovery:discover_packages(path) discover
[3.009s] Level 1:colcon.colcon_core.package_discovery:discover_packages(path) using defaults
[3.239s] Level 1:colcon.colcon_core.package_discovery:discover_packages(prefix_path) check parameters
[3.239s] Level 1:colcon.colcon_core.package_discovery:discover_packages(prefix_path) discover
[3.278s] DEBUG:colcon.colcon_installed_package_information.package_discovery:Found 1 installed packages in /home/mo3az/RosProject/install
[3.295s] DEBUG:colcon.colcon_installed_package_information.package_discovery:Found 271 installed packages in /opt/ros/humble
[3.298s] Level 1:colcon.colcon_core.package_discovery:discover_packages(prefix_path) using defaults
[3.835s] Level 5:colcon.colcon_core.verb:set package 'package' build argument 'cmake_args' from command line to 'None'
[3.835s] Level 5:colcon.colcon_core.verb:set package 'package' build argument 'cmake_target' from command line to 'None'
[3.835s] Level 5:colcon.colcon_core.verb:set package 'package' build argument 'cmake_target_skip_unavailable' from command line to 'False'
[3.836s] Level 5:colcon.colcon_core.verb:set package 'package' build argument 'cmake_clean_cache' from command line to 'False'
[3.836s] Level 5:colcon.colcon_core.verb:set package 'package' build argument 'cmake_clean_first' from command line to 'False'
[3.836s] Level 5:colcon.colcon_core.verb:set package 'package' build argument 'cmake_force_configure' from command line to 'False'
[3.836s] Level 5:colcon.colcon_core.verb:set package 'package' build argument 'ament_cmake_args' from command line to 'None'
[3.836s] Level 5:colcon.colcon_core.verb:set package 'package' build argument 'catkin_cmake_args' from command line to 'None'
[3.836s] Level 5:colcon.colcon_core.verb:set package 'package' build argument 'catkin_skip_building_tests' from command line to 'False'
[3.836s] DEBUG:colcon.colcon_core.verb:Building package 'package' with the following arguments: {'ament_cmake_args': None, 'build_base': '/home/mo3az/RosProject/build/package', 'catkin_cmake_args': None, 'catkin_skip_building_tests': False, 'cmake_args': None, 'cmake_clean_cache': False, 'cmake_clean_first': False, 'cmake_force_configure': False, 'cmake_target': None, 'cmake_target_skip_unavailable': False, 'install_base': '/home/mo3az/RosProject/install/package', 'merge_install': False, 'path': '/home/mo3az/RosProject/src/package', 'symlink_install': False, 'test_result_base': None}
[3.836s] INFO:colcon.colcon_core.executor:Executing jobs using 'parallel' executor
[3.845s] DEBUG:colcon.colcon_parallel_executor.executor.parallel:run_until_complete
[3.853s] INFO:colcon.colcon_ros.task.ament_python.build:Building ROS package in '/home/mo3az/RosProject/src/package' with build type 'ament_python'
[3.853s] Level 1:colcon.colcon_core.shell:create_environment_hook('package', 'ament_prefix_path')
[3.899s] INFO:colcon.colcon_core.plugin_system:Skipping extension 'colcon_core.shell.bat': Not used on non-Windows systems
[3.899s] INFO:colcon.colcon_core.shell:Creating environment hook '/home/mo3az/RosProject/install/package/share/package/hook/ament_prefix_path.ps1'
[3.922s] INFO:colcon.colcon_core.shell:Creating environment descriptor '/home/mo3az/RosProject/install/package/share/package/hook/ament_prefix_path.dsv'
[3.924s] INFO:colcon.colcon_core.shell:Creating environment hook '/home/mo3az/RosProject/install/package/share/package/hook/ament_prefix_path.sh'
[3.925s] INFO:colcon.colcon_core.shell:Skip shell extension 'powershell' for command environment: Not usable outside of PowerShell
[3.925s] DEBUG:colcon.colcon_core.shell:Skip shell extension 'dsv' for command environment
[4.913s] INFO:colcon.colcon_core.task.python.build:Building Python package in '/home/mo3az/RosProject/src/package'
[4.915s] INFO:colcon.colcon_core.shell:Skip shell extension 'powershell' for command environment: Not usable outside of PowerShell
[4.915s] DEBUG:colcon.colcon_core.shell:Skip shell extension 'dsv' for command environment
[7.824s] DEBUG:colcon.colcon_core.event_handler.log_command:Invoking command in '/home/mo3az/RosProject/src/package': PYTHONPATH=/home/mo3az/RosProject/build/package/prefix_override:/usr/lib/python3/dist-packages/colcon_core/task/python/colcon_distutils_commands:/home/mo3az/RosProject/install/package/lib/python3.10/site-packages:${PYTHONPATH} /usr/bin/python3 -W ignore:setup.py install is deprecated -W ignore:easy_install command is deprecated setup.py egg_info --egg-base ../../build/package build --build-base /home/mo3az/RosProject/build/package/build install --record /home/mo3az/RosProject/build/package/install.log --single-version-externally-managed install_data
[8.697s] Level 1:colcon.colcon_core.environment:checking '/home/mo3az/RosProject/install/package' for CMake module files
[8.705s] DEBUG:colcon.colcon_core.event_handler.log_command:Invoked command in '/home/mo3az/RosProject/src/package' returned '0': PYTHONPATH=/home/mo3az/RosProject/build/package/prefix_override:/usr/lib/python3/dist-packages/colcon_core/task/python/colcon_distutils_commands:/home/mo3az/RosProject/install/package/lib/python3.10/site-packages:${PYTHONPATH} /usr/bin/python3 -W ignore:setup.py install is deprecated -W ignore:easy_install command is deprecated setup.py egg_info --egg-base ../../build/package build --build-base /home/mo3az/RosProject/build/package/build install --record /home/mo3az/RosProject/build/package/install.log --single-version-externally-managed install_data
[8.708s] Level 1:colcon.colcon_core.environment:checking '/home/mo3az/RosProject/install/package' for CMake config files
[8.710s] Level 1:colcon.colcon_core.environment:checking '/home/mo3az/RosProject/install/package/lib'
[8.710s] Level 1:colcon.colcon_core.environment:checking '/home/mo3az/RosProject/install/package/bin'
[8.711s] Level 1:colcon.colcon_core.environment:checking '/home/mo3az/RosProject/install/package/lib/pkgconfig/package.pc'
[8.711s] Level 1:colcon.colcon_core.environment:checking '/home/mo3az/RosProject/install/package/lib/python3.10/site-packages'
[8.711s] Level 1:colcon.colcon_core.shell:create_environment_hook('package', 'pythonpath')
[8.712s] INFO:colcon.colcon_core.shell:Creating environment hook '/home/mo3az/RosProject/install/package/share/package/hook/pythonpath.ps1'
[8.713s] INFO:colcon.colcon_core.shell:Creating environment descriptor '/home/mo3az/RosProject/install/package/share/package/hook/pythonpath.dsv'
[8.714s] INFO:colcon.colcon_core.shell:Creating environment hook '/home/mo3az/RosProject/install/package/share/package/hook/pythonpath.sh'
[8.729s] Level 1:colcon.colcon_core.environment:checking '/home/mo3az/RosProject/install/package/bin'
[8.729s] Level 1:colcon.colcon_core.environment:create_environment_scripts_only(package)
[8.730s] INFO:colcon.colcon_core.shell:Creating package script '/home/mo3az/RosProject/install/package/share/package/package.ps1'
[8.733s] INFO:colcon.colcon_core.shell:Creating package descriptor '/home/mo3az/RosProject/install/package/share/package/package.dsv'
[8.735s] INFO:colcon.colcon_core.shell:Creating package script '/home/mo3az/RosProject/install/package/share/package/package.sh'
[8.737s] INFO:colcon.colcon_core.shell:Creating package script '/home/mo3az/RosProject/install/package/share/package/package.bash'
[8.752s] INFO:colcon.colcon_core.shell:Creating package script '/home/mo3az/RosProject/install/package/share/package/package.zsh'
[8.754s] Level 1:colcon.colcon_core.environment:create_file_with_runtime_dependencies(/home/mo3az/RosProject/install/package/share/colcon-core/packages/package)
[8.755s] DEBUG:colcon.colcon_parallel_executor.executor.parallel:closing loop
[8.758s] DEBUG:colcon.colcon_parallel_executor.executor.parallel:loop closed
[8.760s] DEBUG:colcon.colcon_parallel_executor.executor.parallel:run_until_complete finished with '0'
[8.761s] DEBUG:colcon.colcon_core.event_reactor:joining thread
[9.148s] INFO:colcon.colcon_core.plugin_system:Skipping extension 'colcon_notification.desktop_notification.notify_send': Could not find 'notify-send'
[9.148s] INFO:colcon.colcon_core.plugin_system:Skipping extension 'colcon_notification.desktop_notification.terminal_notifier': Not used on non-Darwin systems
[9.148s] INFO:colcon.colcon_core.plugin_system:Skipping extension 'colcon_notification.desktop_notification.win32': Not used on non-Windows systems
[9.149s] INFO:colcon.colcon_notification.desktop_notification:Sending desktop notification using 'notify2'
[9.163s] DEBUG:colcon.colcon_notification.desktop_notification.notify2:Failed to initialize notify2: org.freedesktop.DBus.Error.FileNotFound: Failed to connect to socket /run/user/1000/bus: No such file or directory
[9.164s] DEBUG:colcon.colcon_core.event_reactor:joined thread
[9.164s] INFO:colcon.colcon_core.shell:Creating prefix script '/home/mo3az/RosProject/install/local_setup.ps1'
[9.166s] INFO:colcon.colcon_core.shell:Creating prefix util module '/home/mo3az/RosProject/install/_local_setup_util_ps1.py'
[9.169s] INFO:colcon.colcon_core.shell:Creating prefix chain script '/home/mo3az/RosProject/install/setup.ps1'
[9.175s] INFO:colcon.colcon_core.shell:Creating prefix script '/home/mo3az/RosProject/install/local_setup.sh'
[9.176s] INFO:colcon.colcon_core.shell:Creating prefix util module '/home/mo3az/RosProject/install/_local_setup_util_sh.py'
[9.178s] INFO:colcon.colcon_core.shell:Creating prefix chain script '/home/mo3az/RosProject/install/setup.sh'
[9.182s] INFO:colcon.colcon_core.shell:Creating prefix script '/home/mo3az/RosProject/install/local_setup.bash'
[9.234s] INFO:colcon.colcon_core.shell:Creating prefix chain script '/home/mo3az/RosProject/install/setup.bash'
[9.236s] INFO:colcon.colcon_core.shell:Creating prefix script '/home/mo3az/RosProject/install/local_setup.zsh'
[9.238s] INFO:colcon.colcon_core.shell:Creating prefix chain script '/home/mo3az/RosProject/install/setup.zsh'
