[1.702s] Invoking command in '/home/mo3az/RosProject/src/package': PYTHONPATH=/home/mo3az/RosProject/build/package/prefix_override:/usr/lib/python3/dist-packages/colcon_core/task/python/colcon_distutils_commands:/home/mo3az/RosProject/install/package/lib/python3.10/site-packages:${PYTHONPATH} /usr/bin/python3 -W ignore:setup.py install is deprecated -W ignore:easy_install command is deprecated setup.py egg_info --egg-base ../../build/package build --build-base /home/mo3az/RosProject/build/package/build install --record /home/mo3az/RosProject/build/package/install.log --single-version-externally-managed install_data
[2.166s] running egg_info
[2.168s] writing ../../build/package/package.egg-info/PKG-INFO
[2.169s] writing dependency_links to ../../build/package/package.egg-info/dependency_links.txt
[2.170s] writing entry points to ../../build/package/package.egg-info/entry_points.txt
[2.171s] writing requirements to ../../build/package/package.egg-info/requires.txt
[2.172s] writing top-level names to ../../build/package/package.egg-info/top_level.txt
[2.177s] reading manifest file '../../build/package/package.egg-info/SOURCES.txt'
[2.179s] writing manifest file '../../build/package/package.egg-info/SOURCES.txt'
[2.179s] running build
[2.180s] running build_py
[2.180s] copying package/Heart.py -> /home/mo3az/RosProject/build/package/build/lib/package
[2.181s] running install
[2.182s] running install_lib
[2.184s] copying /home/mo3az/RosProject/build/package/build/lib/package/Heart.py -> /home/mo3az/RosProject/install/package/lib/python3.10/site-packages/package
[2.186s] byte-compiling /home/mo3az/RosProject/install/package/lib/python3.10/site-packages/package/Heart.py to Heart.cpython-310.pyc
[2.187s] running install_data
[2.188s] running install_egg_info
[2.193s] removing '/home/mo3az/RosProject/install/package/lib/python3.10/site-packages/package-0.0.0-py3.10.egg-info' (and everything under it)
[2.194s] Copying ../../build/package/package.egg-info to /home/mo3az/RosProject/install/package/lib/python3.10/site-packages/package-0.0.0-py3.10.egg-info
[2.198s] running install_scripts
[2.243s] Installing heart script to /home/mo3az/RosProject/install/package/lib/package
[2.244s] Installing integral script to /home/mo3az/RosProject/install/package/lib/package
[2.244s] Installing spiral script to /home/mo3az/RosProject/install/package/lib/package
[2.245s] writing list of installed files to '/home/mo3az/RosProject/build/package/install.log'
[2.293s] Invoked command in '/home/mo3az/RosProject/src/package' returned '0': PYTHONPATH=/home/mo3az/RosProject/build/package/prefix_override:/usr/lib/python3/dist-packages/colcon_core/task/python/colcon_distutils_commands:/home/mo3az/RosProject/install/package/lib/python3.10/site-packages:${PYTHONPATH} /usr/bin/python3 -W ignore:setup.py install is deprecated -W ignore:easy_install command is deprecated setup.py egg_info --egg-base ../../build/package build --build-base /home/mo3az/RosProject/build/package/build install --record /home/mo3az/RosProject/build/package/install.log --single-version-externally-managed install_data
