[46.867s] DEBUG:colcon:Command line arguments: ['/usr/bin/colcon', 'build']
[46.953s] DEBUG:colcon:Parsed command line arguments: Namespace(log_base=None, log_level=None, verb_name='build', build_base='build', install_base='install', merge_install=False, symlink_install=False, test_result_base=None, continue_on_error=False, executor='parallel', parallel_workers=4, event_handlers=None, ignore_user_meta=False, metas=['./colcon.meta'], base_paths=['.'], packages_ignore=None, packages_ignore_regex=None, paths=None, packages_up_to=None, packages_up_to_regex=None, packages_above=None, packages_above_and_dependencies=None, packages_above_depth=None, packages_select_by_dep=None, packages_skip_by_dep=None, packages_skip_up_to=None, packages_select_build_failed=False, packages_skip_build_finished=False, packages_select_test_failures=False, packages_skip_test_passed=False, packages_select=None, packages_skip=None, packages_select_regex=None, packages_skip_regex=None, packages_start=None, packages_end=None, allow_overriding=[], cmake_args=None, cmake_target=None, cmake_target_skip_unavailable=False, cmake_clean_cache=False, cmake_clean_first=False, cmake_force_configure=False, ament_cmake_args=None, catkin_cmake_args=None, catkin_skip_building_tests=False, verb_parser=<colcon_defaults.argument_parser.defaults.DefaultArgumentsDecorator object at 0x7b3f87c2b1f0>, verb_extension=<colcon_core.verb.build.BuildVerb object at 0x7b3f87c2a1d0>, main=<bound method BuildVerb.main of <colcon_core.verb.build.BuildVerb object at 0x7b3f87c2a1d0>>)
[56.595s] Level 1:colcon.colcon_core.package_discovery:discover_packages(colcon_meta) check parameters
[56.595s] Level 1:colcon.colcon_core.package_discovery:discover_packages(recursive) check parameters
[56.595s] Level 1:colcon.colcon_core.package_discovery:discover_packages(ignore) check parameters
[56.595s] Level 1:colcon.colcon_core.package_discovery:discover_packages(path) check parameters
[56.595s] Level 1:colcon.colcon_core.package_discovery:discover_packages(colcon_meta) discover
[56.596s] Level 1:colcon.colcon_core.package_discovery:discover_packages(recursive) discover
[56.596s] INFO:colcon.colcon_core.package_discovery:Crawling recursively for packages in '/home/mo3az/RosProject'
[56.596s] Level 1:colcon.colcon_core.package_identification:_identify(.) by extensions ['ignore', 'ignore_ament_install']
[56.665s] Level 1:colcon.colcon_core.package_identification:_identify(.) by extension 'ignore'
[56.665s] Level 1:colcon.colcon_core.package_identification:_identify(.) by extension 'ignore_ament_install'
[56.665s] Level 1:colcon.colcon_core.package_identification:_identify(.) by extensions ['colcon_pkg']
[56.665s] Level 1:colcon.colcon_core.package_identification:_identify(.) by extension 'colcon_pkg'
[56.666s] Level 1:colcon.colcon_core.package_identification:_identify(.) by extensions ['colcon_meta']
[56.666s] Level 1:colcon.colcon_core.package_identification:_identify(.) by extension 'colcon_meta'
[56.666s] Level 1:colcon.colcon_core.package_identification:_identify(.) by extensions ['ros']
[56.666s] Level 1:colcon.colcon_core.package_identification:_identify(.) by extension 'ros'
[57.317s] Level 1:colcon.colcon_core.package_identification:_identify(.) by extensions ['cmake', 'python']
[57.317s] Level 1:colcon.colcon_core.package_identification:_identify(.) by extension 'cmake'
[57.318s] Level 1:colcon.colcon_core.package_identification:_identify(.) by extension 'python'
[57.320s] Level 1:colcon.colcon_core.package_identification:_identify(.) by extensions ['python_setup_py']
[57.321s] Level 1:colcon.colcon_core.package_identification:_identify(.) by extension 'python_setup_py'
[57.322s] Level 1:colcon.colcon_core.package_identification:_identify(build) by extensions ['ignore', 'ignore_ament_install']
[57.322s] Level 1:colcon.colcon_core.package_identification:_identify(build) by extension 'ignore'
[57.322s] Level 1:colcon.colcon_core.package_identification:_identify(build) ignored
[57.323s] Level 1:colcon.colcon_core.package_identification:_identify(install) by extensions ['ignore', 'ignore_ament_install']
[57.323s] Level 1:colcon.colcon_core.package_identification:_identify(install) by extension 'ignore'
[57.324s] Level 1:colcon.colcon_core.package_identification:_identify(install) ignored
[57.324s] Level 1:colcon.colcon_core.package_identification:_identify(log) by extensions ['ignore', 'ignore_ament_install']
[57.325s] Level 1:colcon.colcon_core.package_identification:_identify(log) by extension 'ignore'
[57.325s] Level 1:colcon.colcon_core.package_identification:_identify(log) ignored
[57.325s] Level 1:colcon.colcon_core.package_identification:_identify(src) by extensions ['ignore', 'ignore_ament_install']
[57.325s] Level 1:colcon.colcon_core.package_identification:_identify(src) by extension 'ignore'
[57.326s] Level 1:colcon.colcon_core.package_identification:_identify(src) by extension 'ignore_ament_install'
[57.326s] Level 1:colcon.colcon_core.package_identification:_identify(src) by extensions ['colcon_pkg']
[57.326s] Level 1:colcon.colcon_core.package_identification:_identify(src) by extension 'colcon_pkg'
[57.326s] Level 1:colcon.colcon_core.package_identification:_identify(src) by extensions ['colcon_meta']
[57.326s] Level 1:colcon.colcon_core.package_identification:_identify(src) by extension 'colcon_meta'
[57.326s] Level 1:colcon.colcon_core.package_identification:_identify(src) by extensions ['ros']
[57.327s] Level 1:colcon.colcon_core.package_identification:_identify(src) by extension 'ros'
[57.327s] Level 1:colcon.colcon_core.package_identification:_identify(src) by extensions ['cmake', 'python']
[57.327s] Level 1:colcon.colcon_core.package_identification:_identify(src) by extension 'cmake'
[57.327s] Level 1:colcon.colcon_core.package_identification:_identify(src) by extension 'python'
[57.328s] Level 1:colcon.colcon_core.package_identification:_identify(src) by extensions ['python_setup_py']
[57.328s] Level 1:colcon.colcon_core.package_identification:_identify(src) by extension 'python_setup_py'
[57.328s] Level 1:colcon.colcon_core.package_identification:_identify(src/package) by extensions ['ignore', 'ignore_ament_install']
[57.329s] Level 1:colcon.colcon_core.package_identification:_identify(src/package) by extension 'ignore'
[57.329s] Level 1:colcon.colcon_core.package_identification:_identify(src/package) by extension 'ignore_ament_install'
[57.329s] Level 1:colcon.colcon_core.package_identification:_identify(src/package) by extensions ['colcon_pkg']
[57.329s] Level 1:colcon.colcon_core.package_identification:_identify(src/package) by extension 'colcon_pkg'
[57.329s] Level 1:colcon.colcon_core.package_identification:_identify(src/package) by extensions ['colcon_meta']
[57.330s] Level 1:colcon.colcon_core.package_identification:_identify(src/package) by extension 'colcon_meta'
[57.330s] Level 1:colcon.colcon_core.package_identification:_identify(src/package) by extensions ['ros']
[57.330s] Level 1:colcon.colcon_core.package_identification:_identify(src/package) by extension 'ros'
[59.341s] DEBUG:colcon.colcon_core.package_identification:Package 'src/package' with type 'ros.ament_python' and name 'package'
[59.341s] Level 1:colcon.colcon_core.package_discovery:discover_packages(recursive) using defaults
[59.341s] Level 1:colcon.colcon_core.package_discovery:discover_packages(ignore) discover
[59.341s] Level 1:colcon.colcon_core.package_discovery:discover_packages(ignore) using defaults
[59.341s] Level 1:colcon.colcon_core.package_discovery:discover_packages(path) discover
[59.341s] Level 1:colcon.colcon_core.package_discovery:discover_packages(path) using defaults
[65.606s] Level 1:colcon.colcon_core.package_discovery:discover_packages(prefix_path) check parameters
[65.606s] Level 1:colcon.colcon_core.package_discovery:discover_packages(prefix_path) discover
[66.266s] DEBUG:colcon.colcon_installed_package_information.package_discovery:Found 1 installed packages in /home/mo3az/RosProject/install
[66.275s] DEBUG:colcon.colcon_installed_package_information.package_discovery:Found 271 installed packages in /opt/ros/humble
[66.283s] Level 1:colcon.colcon_core.package_discovery:discover_packages(prefix_path) using defaults
[68.969s] Level 5:colcon.colcon_core.verb:set package 'package' build argument 'cmake_args' from command line to 'None'
[68.969s] Level 5:colcon.colcon_core.verb:set package 'package' build argument 'cmake_target' from command line to 'None'
[68.987s] Level 5:colcon.colcon_core.verb:set package 'package' build argument 'cmake_target_skip_unavailable' from command line to 'False'
[68.987s] Level 5:colcon.colcon_core.verb:set package 'package' build argument 'cmake_clean_cache' from command line to 'False'
[68.987s] Level 5:colcon.colcon_core.verb:set package 'package' build argument 'cmake_clean_first' from command line to 'False'
[68.987s] Level 5:colcon.colcon_core.verb:set package 'package' build argument 'cmake_force_configure' from command line to 'False'
[68.987s] Level 5:colcon.colcon_core.verb:set package 'package' build argument 'ament_cmake_args' from command line to 'None'
[68.987s] Level 5:colcon.colcon_core.verb:set package 'package' build argument 'catkin_cmake_args' from command line to 'None'
[68.987s] Level 5:colcon.colcon_core.verb:set package 'package' build argument 'catkin_skip_building_tests' from command line to 'False'
[68.987s] DEBUG:colcon.colcon_core.verb:Building package 'package' with the following arguments: {'ament_cmake_args': None, 'build_base': '/home/mo3az/RosProject/build/package', 'catkin_cmake_args': None, 'catkin_skip_building_tests': False, 'cmake_args': None, 'cmake_clean_cache': False, 'cmake_clean_first': False, 'cmake_force_configure': False, 'cmake_target': None, 'cmake_target_skip_unavailable': False, 'install_base': '/home/mo3az/RosProject/install/package', 'merge_install': False, 'path': '/home/mo3az/RosProject/src/package', 'symlink_install': False, 'test_result_base': None}
[68.988s] INFO:colcon.colcon_core.executor:Executing jobs using 'parallel' executor
[69.402s] DEBUG:colcon.colcon_parallel_executor.executor.parallel:run_until_complete
[69.403s] INFO:colcon.colcon_ros.task.ament_python.build:Building ROS package in '/home/mo3az/RosProject/src/package' with build type 'ament_python'
[69.404s] Level 1:colcon.colcon_core.shell:create_environment_hook('package', 'ament_prefix_path')
[69.606s] INFO:colcon.colcon_core.plugin_system:Skipping extension 'colcon_core.shell.bat': Not used on non-Windows systems
[69.607s] INFO:colcon.colcon_core.shell:Creating environment hook '/home/mo3az/RosProject/install/package/share/package/hook/ament_prefix_path.ps1'
[69.736s] INFO:colcon.colcon_core.shell:Creating environment descriptor '/home/mo3az/RosProject/install/package/share/package/hook/ament_prefix_path.dsv'
[69.892s] INFO:colcon.colcon_core.shell:Creating environment hook '/home/mo3az/RosProject/install/package/share/package/hook/ament_prefix_path.sh'
[69.914s] INFO:colcon.colcon_core.shell:Skip shell extension 'powershell' for command environment: Not usable outside of PowerShell
[69.914s] DEBUG:colcon.colcon_core.shell:Skip shell extension 'dsv' for command environment
[73.715s] INFO:colcon.colcon_core.task.python.build:Building Python package in '/home/mo3az/RosProject/src/package'
[73.717s] INFO:colcon.colcon_core.shell:Skip shell extension 'powershell' for command environment: Not usable outside of PowerShell
[73.718s] DEBUG:colcon.colcon_core.shell:Skip shell extension 'dsv' for command environment
[80.913s] DEBUG:colcon.colcon_core.event_handler.log_command:Invoking command in '/home/mo3az/RosProject/src/package': PYTHONPATH=/home/mo3az/RosProject/build/package/prefix_override:/usr/lib/python3/dist-packages/colcon_core/task/python/colcon_distutils_commands:/home/mo3az/RosProject/install/package/lib/python3.10/site-packages:${PYTHONPATH} /usr/bin/python3 -W ignore:setup.py install is deprecated -W ignore:easy_install command is deprecated setup.py egg_info --egg-base ../../build/package build --build-base /home/mo3az/RosProject/build/package/build install --record /home/mo3az/RosProject/build/package/install.log --single-version-externally-managed install_data
[82.188s] DEBUG:colcon.colcon_core.event_handler.log_command:Invoked command in '/home/mo3az/RosProject/src/package' returned '0': PYTHONPATH=/home/mo3az/RosProject/build/package/prefix_override:/usr/lib/python3/dist-packages/colcon_core/task/python/colcon_distutils_commands:/home/mo3az/RosProject/install/package/lib/python3.10/site-packages:${PYTHONPATH} /usr/bin/python3 -W ignore:setup.py install is deprecated -W ignore:easy_install command is deprecated setup.py egg_info --egg-base ../../build/package build --build-base /home/mo3az/RosProject/build/package/build install --record /home/mo3az/RosProject/build/package/install.log --single-version-externally-managed install_data
[82.204s] Level 1:colcon.colcon_core.environment:checking '/home/mo3az/RosProject/install/package' for CMake module files
[82.205s] Level 1:colcon.colcon_core.environment:checking '/home/mo3az/RosProject/install/package' for CMake config files
[82.208s] Level 1:colcon.colcon_core.environment:checking '/home/mo3az/RosProject/install/package/lib'
[82.208s] Level 1:colcon.colcon_core.environment:checking '/home/mo3az/RosProject/install/package/bin'
[82.208s] Level 1:colcon.colcon_core.environment:checking '/home/mo3az/RosProject/install/package/lib/pkgconfig/package.pc'
[82.209s] Level 1:colcon.colcon_core.environment:checking '/home/mo3az/RosProject/install/package/lib/python3.10/site-packages'
[82.209s] Level 1:colcon.colcon_core.shell:create_environment_hook('package', 'pythonpath')
[82.209s] INFO:colcon.colcon_core.shell:Creating environment hook '/home/mo3az/RosProject/install/package/share/package/hook/pythonpath.ps1'
[82.338s] INFO:colcon.colcon_core.shell:Creating environment descriptor '/home/mo3az/RosProject/install/package/share/package/hook/pythonpath.dsv'
[82.440s] INFO:colcon.colcon_core.shell:Creating environment hook '/home/mo3az/RosProject/install/package/share/package/hook/pythonpath.sh'
[82.443s] Level 1:colcon.colcon_core.environment:checking '/home/mo3az/RosProject/install/package/bin'
[82.444s] Level 1:colcon.colcon_core.environment:create_environment_scripts_only(package)
[82.445s] INFO:colcon.colcon_core.shell:Creating package script '/home/mo3az/RosProject/install/package/share/package/package.ps1'
[82.452s] INFO:colcon.colcon_core.shell:Creating package descriptor '/home/mo3az/RosProject/install/package/share/package/package.dsv'
[82.519s] INFO:colcon.colcon_core.shell:Creating package script '/home/mo3az/RosProject/install/package/share/package/package.sh'
[82.548s] INFO:colcon.colcon_core.shell:Creating package script '/home/mo3az/RosProject/install/package/share/package/package.bash'
[82.576s] INFO:colcon.colcon_core.shell:Creating package script '/home/mo3az/RosProject/install/package/share/package/package.zsh'
[82.583s] Level 1:colcon.colcon_core.environment:create_file_with_runtime_dependencies(/home/mo3az/RosProject/install/package/share/colcon-core/packages/package)
[82.584s] DEBUG:colcon.colcon_parallel_executor.executor.parallel:closing loop
[82.584s] DEBUG:colcon.colcon_parallel_executor.executor.parallel:loop closed
[82.585s] DEBUG:colcon.colcon_parallel_executor.executor.parallel:run_until_complete finished with '0'
[82.585s] DEBUG:colcon.colcon_core.event_reactor:joining thread
[83.971s] INFO:colcon.colcon_core.plugin_system:Skipping extension 'colcon_notification.desktop_notification.notify_send': Could not find 'notify-send'
[83.971s] INFO:colcon.colcon_core.plugin_system:Skipping extension 'colcon_notification.desktop_notification.terminal_notifier': Not used on non-Darwin systems
[83.972s] INFO:colcon.colcon_core.plugin_system:Skipping extension 'colcon_notification.desktop_notification.win32': Not used on non-Windows systems
[83.972s] INFO:colcon.colcon_notification.desktop_notification:Sending desktop notification using 'notify2'
[84.207s] DEBUG:colcon.colcon_notification.desktop_notification.notify2:Failed to initialize notify2: org.freedesktop.DBus.Error.FileNotFound: Failed to connect to socket /run/user/1000/bus: No such file or directory
[84.208s] DEBUG:colcon.colcon_core.event_reactor:joined thread
[84.209s] INFO:colcon.colcon_core.shell:Creating prefix script '/home/mo3az/RosProject/install/local_setup.ps1'
[84.218s] INFO:colcon.colcon_core.shell:Creating prefix util module '/home/mo3az/RosProject/install/_local_setup_util_ps1.py'
[84.228s] INFO:colcon.colcon_core.shell:Creating prefix chain script '/home/mo3az/RosProject/install/setup.ps1'
[84.260s] INFO:colcon.colcon_core.shell:Creating prefix script '/home/mo3az/RosProject/install/local_setup.sh'
[84.268s] INFO:colcon.colcon_core.shell:Creating prefix util module '/home/mo3az/RosProject/install/_local_setup_util_sh.py'
[84.290s] INFO:colcon.colcon_core.shell:Creating prefix chain script '/home/mo3az/RosProject/install/setup.sh'
[84.300s] INFO:colcon.colcon_core.shell:Creating prefix script '/home/mo3az/RosProject/install/local_setup.bash'
[84.435s] INFO:colcon.colcon_core.shell:Creating prefix chain script '/home/mo3az/RosProject/install/setup.bash'
[84.444s] INFO:colcon.colcon_core.shell:Creating prefix script '/home/mo3az/RosProject/install/local_setup.zsh'
[84.452s] INFO:colcon.colcon_core.shell:Creating prefix chain script '/home/mo3az/RosProject/install/setup.zsh'
