[1.180s] Invoking command in '/home/mo3az/RosProject/src/package': PYTHONPATH=/home/mo3az/RosProject/build/package/prefix_override:/usr/lib/python3/dist-packages/colcon_core/task/python/colcon_distutils_commands:/home/mo3az/RosProject/install/package/lib/python3.10/site-packages:${PYTHONPATH} /usr/bin/python3 -W ignore:setup.py install is deprecated -W ignore:easy_install command is deprecated setup.py egg_info --egg-base ../../build/package build --build-base /home/mo3az/RosProject/build/package/build install --record /home/mo3az/RosProject/build/package/install.log --single-version-externally-managed install_data
[1.616s] running egg_info
[1.617s] writing ../../build/package/package.egg-info/PKG-INFO
[1.618s] writing dependency_links to ../../build/package/package.egg-info/dependency_links.txt
[1.619s] writing entry points to ../../build/package/package.egg-info/entry_points.txt
[1.620s] writing requirements to ../../build/package/package.egg-info/requires.txt
[1.621s] writing top-level names to ../../build/package/package.egg-info/top_level.txt
[1.627s] reading manifest file '../../build/package/package.egg-info/SOURCES.txt'
[1.630s] writing manifest file '../../build/package/package.egg-info/SOURCES.txt'
[1.630s] running build
[1.631s] running build_py
[1.631s] copying package/Heart.py -> /home/mo3az/RosProject/build/package/build/lib/package
[1.632s] running install
[1.633s] running install_lib
[1.635s] copying /home/mo3az/RosProject/build/package/build/lib/package/Heart.py -> /home/mo3az/RosProject/install/package/lib/python3.10/site-packages/package
[1.636s] byte-compiling /home/mo3az/RosProject/install/package/lib/python3.10/site-packages/package/Heart.py to Heart.cpython-310.pyc
[1.638s] running install_data
[1.638s] running install_egg_info
[1.642s] removing '/home/mo3az/RosProject/install/package/lib/python3.10/site-packages/package-0.0.0-py3.10.egg-info' (and everything under it)
[1.643s] Copying ../../build/package/package.egg-info to /home/mo3az/RosProject/install/package/lib/python3.10/site-packages/package-0.0.0-py3.10.egg-info
[1.763s] running install_scripts
[1.819s] Installing heart script to /home/mo3az/RosProject/install/package/lib/package
[1.820s] Installing integral script to /home/mo3az/RosProject/install/package/lib/package
[1.820s] Installing spiral script to /home/mo3az/RosProject/install/package/lib/package
[1.821s] writing list of installed files to '/home/mo3az/RosProject/build/package/install.log'
[1.863s] Invoked command in '/home/mo3az/RosProject/src/package' returned '0': PYTHONPATH=/home/mo3az/RosProject/build/package/prefix_override:/usr/lib/python3/dist-packages/colcon_core/task/python/colcon_distutils_commands:/home/mo3az/RosProject/install/package/lib/python3.10/site-packages:${PYTHONPATH} /usr/bin/python3 -W ignore:setup.py install is deprecated -W ignore:easy_install command is deprecated setup.py egg_info --egg-base ../../build/package build --build-base /home/mo3az/RosProject/build/package/build install --record /home/mo3az/RosProject/build/package/install.log --single-version-externally-managed install_data
