[8.840s] Invoking command in '/home/mo3az/RosProject/src/package': PYTHONPATH=/home/mo3az/RosProject/build/package/prefix_override:/usr/lib/python3/dist-packages/colcon_core/task/python/colcon_distutils_commands:/home/mo3az/RosProject/install/package/lib/python3.10/site-packages:${PYTHONPATH} /usr/bin/python3 -W ignore:setup.py install is deprecated -W ignore:easy_install command is deprecated setup.py egg_info --egg-base ../../build/package build --build-base /home/mo3az/RosProject/build/package/build install --record /home/mo3az/RosProject/build/package/install.log --single-version-externally-managed install_data
[9.726s] running egg_info
[9.728s] writing ../../build/package/package.egg-info/PKG-INFO
[9.729s] writing dependency_links to ../../build/package/package.egg-info/dependency_links.txt
[9.731s] writing entry points to ../../build/package/package.egg-info/entry_points.txt
[9.748s] writing requirements to ../../build/package/package.egg-info/requires.txt
[9.749s] writing top-level names to ../../build/package/package.egg-info/top_level.txt
[9.908s] reading manifest file '../../build/package/package.egg-info/SOURCES.txt'
[10.187s] writing manifest file '../../build/package/package.egg-info/SOURCES.txt'
[10.188s] running build
[10.188s] running build_py
[10.188s] copying package/HeartsFlower.py -> /home/mo3az/RosProject/build/package/build/lib/package
[10.266s] running install
[10.268s] running install_lib
[10.270s] copying /home/mo3az/RosProject/build/package/build/lib/package/HeartsFlower.py -> /home/mo3az/RosProject/install/package/lib/python3.10/site-packages/package
[10.271s] byte-compiling /home/mo3az/RosProject/install/package/lib/python3.10/site-packages/package/HeartsFlower.py to HeartsFlower.cpython-310.pyc
[10.504s] running install_data
[10.505s] running install_egg_info
[10.507s] removing '/home/mo3az/RosProject/install/package/lib/python3.10/site-packages/package-0.0.0-py3.10.egg-info' (and everything under it)
[11.022s] Copying ../../build/package/package.egg-info to /home/mo3az/RosProject/install/package/lib/python3.10/site-packages/package-0.0.0-py3.10.egg-info
[11.125s] running install_scripts
[11.242s] Installing flower script to /home/mo3az/RosProject/install/package/lib/package
[11.243s] Installing integral script to /home/mo3az/RosProject/install/package/lib/package
[11.276s] Installing spiral script to /home/mo3az/RosProject/install/package/lib/package
[11.367s] writing list of installed files to '/home/mo3az/RosProject/build/package/install.log'
[11.572s] Invoked command in '/home/mo3az/RosProject/src/package' returned '0': PYTHONPATH=/home/mo3az/RosProject/build/package/prefix_override:/usr/lib/python3/dist-packages/colcon_core/task/python/colcon_distutils_commands:/home/mo3az/RosProject/install/package/lib/python3.10/site-packages:${PYTHONPATH} /usr/bin/python3 -W ignore:setup.py install is deprecated -W ignore:easy_install command is deprecated setup.py egg_info --egg-base ../../build/package build --build-base /home/mo3az/RosProject/build/package/build install --record /home/mo3az/RosProject/build/package/install.log --single-version-externally-managed install_data
